<?xml version="1.0" encoding="UTF-8"?>
<testsuite name="ProbeSimulatorTest" tests="7" skipped="0" failures="6" errors="0" timestamp="2021-05-13T17:08:56" hostname="DESKTOP-9M6EKHC" time="3.37">
  <properties/>
  <testcase name="testTrajectoryOneDayX()" classname="ProbeSimulatorTest" time="0.441">
    <failure message="org.opentest4j.AssertionFailedError: expected: &lt;-1.4218092965609787E11&gt; but was: &lt;-1.4218103615585437E11&gt;" type="org.opentest4j.AssertionFailedError">org.opentest4j.AssertionFailedError: expected: &lt;-1.4218092965609787E11&gt; but was: &lt;-1.4218103615585437E11&gt;
	at org.junit.jupiter.api.AssertionUtils.fail(AssertionUtils.java:55)
	at org.junit.jupiter.api.AssertionUtils.failNotEqual(AssertionUtils.java:62)
	at org.junit.jupiter.api.AssertEquals.assertEquals(AssertEquals.java:86)
	at org.junit.jupiter.api.AssertEquals.assertEquals(AssertEquals.java:81)
	at org.junit.jupiter.api.Assertions.assertEquals(Assertions.java:993)
	at ProbeSimulatorTest.testTrajectoryOneDayX(ProbeSimulatorTest.java:23)
	at java.base/jdk.internal.reflect.NativeMethodAccessorImpl.invoke0(Native Method)
	at java.base/jdk.internal.reflect.NativeMethodAccessorImpl.invoke(NativeMethodAccessorImpl.java:64)
	at java.base/jdk.internal.reflect.DelegatingMethodAccessorImpl.invoke(DelegatingMethodAccessorImpl.java:43)
	at java.base/java.lang.reflect.Method.invoke(Method.java:564)
	at org.junit.platform.commons.util.ReflectionUtils.invokeMethod(ReflectionUtils.java:688)
	at org.junit.jupiter.engine.execution.MethodInvocation.proceed(MethodInvocation.java:60)
	at org.junit.jupiter.engine.execution.InvocationInterceptorChain$ValidatingInvocation.proceed(InvocationInterceptorChain.java:131)
	at org.junit.jupiter.engine.extension.TimeoutExtension.intercept(TimeoutExtension.java:149)
	at org.junit.jupiter.engine.extension.TimeoutExtension.interceptTestableMethod(TimeoutExtension.java:140)
	at org.junit.jupiter.engine.extension.TimeoutExtension.interceptTestMethod(TimeoutExtension.java:84)
	at org.junit.jupiter.engine.execution.ExecutableInvoker$ReflectiveInterceptorCall.lambda$ofVoidMethod$0(ExecutableInvoker.java:115)
	at org.junit.jupiter.engine.execution.ExecutableInvoker.lambda$invoke$0(ExecutableInvoker.java:105)
	at org.junit.jupiter.engine.execution.InvocationInterceptorChain$InterceptedInvocation.proceed(InvocationInterceptorChain.java:106)
	at org.junit.jupiter.engine.execution.InvocationInterceptorChain.proceed(InvocationInterceptorChain.java:64)
	at org.junit.jupiter.engine.execution.InvocationInterceptorChain.chainAndInvoke(InvocationInterceptorChain.java:45)
	at org.junit.jupiter.engine.execution.InvocationInterceptorChain.invoke(InvocationInterceptorChain.java:37)
	at org.junit.jupiter.engine.execution.ExecutableInvoker.invoke(ExecutableInvoker.java:104)
	at org.junit.jupiter.engine.execution.ExecutableInvoker.invoke(ExecutableInvoker.java:98)
	at org.junit.jupiter.engine.descriptor.TestMethodTestDescriptor.lambda$invokeTestMethod$6(TestMethodTestDescriptor.java:210)
	at org.junit.platform.engine.support.hierarchical.ThrowableCollector.execute(ThrowableCollector.java:73)
	at org.junit.jupiter.engine.descriptor.TestMethodTestDescriptor.invokeTestMethod(TestMethodTestDescriptor.java:206)
	at org.junit.jupiter.engine.descriptor.TestMethodTestDescriptor.execute(TestMethodTestDescriptor.java:131)
	at org.junit.jupiter.engine.descriptor.TestMethodTestDescriptor.execute(TestMethodTestDescriptor.java:65)
	at org.junit.platform.engine.support.hierarchical.NodeTestTask.lambda$executeRecursively$5(NodeTestTask.java:139)
	at org.junit.platform.engine.support.hierarchical.ThrowableCollector.execute(ThrowableCollector.java:73)
	at org.junit.platform.engine.support.hierarchical.NodeTestTask.lambda$executeRecursively$7(NodeTestTask.java:129)
	at org.junit.platform.engine.support.hierarchical.Node.around(Node.java:137)
	at org.junit.platform.engine.support.hierarchical.NodeTestTask.lambda$executeRecursively$8(NodeTestTask.java:127)
	at org.junit.platform.engine.support.hierarchical.ThrowableCollector.execute(ThrowableCollector.java:73)
	at org.junit.platform.engine.support.hierarchical.NodeTestTask.executeRecursively(NodeTestTask.java:126)
	at org.junit.platform.engine.support.hierarchical.NodeTestTask.execute(NodeTestTask.java:84)
	at java.base/java.util.ArrayList.forEach(ArrayList.java:1511)
	at org.junit.platform.engine.support.hierarchical.SameThreadHierarchicalTestExecutorService.invokeAll(SameThreadHierarchicalTestExecutorService.java:38)
	at org.junit.platform.engine.support.hierarchical.NodeTestTask.lambda$executeRecursively$5(NodeTestTask.java:143)
	at org.junit.platform.engine.support.hierarchical.ThrowableCollector.execute(ThrowableCollector.java:73)
	at org.junit.platform.engine.support.hierarchical.NodeTestTask.lambda$executeRecursively$7(NodeTestTask.java:129)
	at org.junit.platform.engine.support.hierarchical.Node.around(Node.java:137)
	at org.junit.platform.engine.support.hierarchical.NodeTestTask.lambda$executeRecursively$8(NodeTestTask.java:127)
	at org.junit.platform.engine.support.hierarchical.ThrowableCollector.execute(ThrowableCollector.java:73)
	at org.junit.platform.engine.support.hierarchical.NodeTestTask.executeRecursively(NodeTestTask.java:126)
	at org.junit.platform.engine.support.hierarchical.NodeTestTask.execute(NodeTestTask.java:84)
	at java.base/java.util.ArrayList.forEach(ArrayList.java:1511)
	at org.junit.platform.engine.support.hierarchical.SameThreadHierarchicalTestExecutorService.invokeAll(SameThreadHierarchicalTestExecutorService.java:38)
	at org.junit.platform.engine.support.hierarchical.NodeTestTask.lambda$executeRecursively$5(NodeTestTask.java:143)
	at org.junit.platform.engine.support.hierarchical.ThrowableCollector.execute(ThrowableCollector.java:73)
	at org.junit.platform.engine.support.hierarchical.NodeTestTask.lambda$executeRecursively$7(NodeTestTask.java:129)
	at org.junit.platform.engine.support.hierarchical.Node.around(Node.java:137)
	at org.junit.platform.engine.support.hierarchical.NodeTestTask.lambda$executeRecursively$8(NodeTestTask.java:127)
	at org.junit.platform.engine.support.hierarchical.ThrowableCollector.execute(ThrowableCollector.java:73)
	at org.junit.platform.engine.support.hierarchical.NodeTestTask.executeRecursively(NodeTestTask.java:126)
	at org.junit.platform.engine.support.hierarchical.NodeTestTask.execute(NodeTestTask.java:84)
	at org.junit.platform.engine.support.hierarchical.SameThreadHierarchicalTestExecutorService.submit(SameThreadHierarchicalTestExecutorService.java:32)
	at org.junit.platform.engine.support.hierarchical.HierarchicalTestExecutor.execute(HierarchicalTestExecutor.java:57)
	at org.junit.platform.engine.support.hierarchical.HierarchicalTestEngine.execute(HierarchicalTestEngine.java:51)
	at org.junit.platform.launcher.core.EngineExecutionOrchestrator.execute(EngineExecutionOrchestrator.java:108)
	at org.junit.platform.launcher.core.EngineExecutionOrchestrator.execute(EngineExecutionOrchestrator.java:88)
	at org.junit.platform.launcher.core.EngineExecutionOrchestrator.lambda$execute$0(EngineExecutionOrchestrator.java:54)
	at org.junit.platform.launcher.core.EngineExecutionOrchestrator.withInterceptedStreams(EngineExecutionOrchestrator.java:67)
	at org.junit.platform.launcher.core.EngineExecutionOrchestrator.execute(EngineExecutionOrchestrator.java:52)
	at org.junit.platform.launcher.core.DefaultLauncher.execute(DefaultLauncher.java:96)
	at org.junit.platform.launcher.core.DefaultLauncher.execute(DefaultLauncher.java:75)
	at org.gradle.api.internal.tasks.testing.junitplatform.JUnitPlatformTestClassProcessor$CollectAllTestClassesExecutor.processAllTestClasses(JUnitPlatformTestClassProcessor.java:99)
	at org.gradle.api.internal.tasks.testing.junitplatform.JUnitPlatformTestClassProcessor$CollectAllTestClassesExecutor.access$000(JUnitPlatformTestClassProcessor.java:79)
	at org.gradle.api.internal.tasks.testing.junitplatform.JUnitPlatformTestClassProcessor.stop(JUnitPlatformTestClassProcessor.java:75)
	at org.gradle.api.internal.tasks.testing.SuiteTestClassProcessor.stop(SuiteTestClassProcessor.java:61)
	at java.base/jdk.internal.reflect.NativeMethodAccessorImpl.invoke0(Native Method)
	at java.base/jdk.internal.reflect.NativeMethodAccessorImpl.invoke(NativeMethodAccessorImpl.java:64)
	at java.base/jdk.internal.reflect.DelegatingMethodAccessorImpl.invoke(DelegatingMethodAccessorImpl.java:43)
	at java.base/java.lang.reflect.Method.invoke(Method.java:564)
	at org.gradle.internal.dispatch.ReflectionDispatch.dispatch(ReflectionDispatch.java:36)
	at org.gradle.internal.dispatch.ReflectionDispatch.dispatch(ReflectionDispatch.java:24)
	at org.gradle.internal.dispatch.ContextClassLoaderDispatch.dispatch(ContextClassLoaderDispatch.java:33)
	at org.gradle.internal.dispatch.ProxyDispatchAdapter$DispatchingInvocationHandler.invoke(ProxyDispatchAdapter.java:94)
	at com.sun.proxy.$Proxy5.stop(Unknown Source)
	at org.gradle.api.internal.tasks.testing.worker.TestWorker.stop(TestWorker.java:135)
	at java.base/jdk.internal.reflect.NativeMethodAccessorImpl.invoke0(Native Method)
	at java.base/jdk.internal.reflect.NativeMethodAccessorImpl.invoke(NativeMethodAccessorImpl.java:64)
	at java.base/jdk.internal.reflect.DelegatingMethodAccessorImpl.invoke(DelegatingMethodAccessorImpl.java:43)
	at java.base/java.lang.reflect.Method.invoke(Method.java:564)
	at org.gradle.internal.dispatch.ReflectionDispatch.dispatch(ReflectionDispatch.java:36)
	at org.gradle.internal.dispatch.ReflectionDispatch.dispatch(ReflectionDispatch.java:24)
	at org.gradle.internal.remote.internal.hub.MessageHubBackedObjectConnection$DispatchWrapper.dispatch(MessageHubBackedObjectConnection.java:182)
	at org.gradle.internal.remote.internal.hub.MessageHubBackedObjectConnection$DispatchWrapper.dispatch(MessageHubBackedObjectConnection.java:164)
	at org.gradle.internal.remote.internal.hub.MessageHub$Handler.run(MessageHub.java:414)
	at org.gradle.internal.concurrent.ExecutorPolicy$CatchAndRecordFailures.onExecute(ExecutorPolicy.java:64)
	at org.gradle.internal.concurrent.ManagedExecutorImpl$1.run(ManagedExecutorImpl.java:48)
	at java.base/java.util.concurrent.ThreadPoolExecutor.runWorker(ThreadPoolExecutor.java:1130)
	at java.base/java.util.concurrent.ThreadPoolExecutor$Worker.run(ThreadPoolExecutor.java:630)
	at org.gradle.internal.concurrent.ThreadFactoryImpl$ManagedThreadRunnable.run(ThreadFactoryImpl.java:56)
	at java.base/java.lang.Thread.run(Thread.java:832)
</failure>
  </testcase>
  <testcase name="testTrajectoryOneDayY()" classname="ProbeSimulatorTest" time="0.018">
    <failure message="org.opentest4j.AssertionFailedError: expected: &lt;-3.3475191084301098E10&gt; but was: &lt;-3.3475235915144165E10&gt;" type="org.opentest4j.AssertionFailedError">org.opentest4j.AssertionFailedError: expected: &lt;-3.3475191084301098E10&gt; but was: &lt;-3.3475235915144165E10&gt;
	at org.junit.jupiter.api.AssertionUtils.fail(AssertionUtils.java:55)
	at org.junit.jupiter.api.AssertionUtils.failNotEqual(AssertionUtils.java:62)
	at org.junit.jupiter.api.AssertEquals.assertEquals(AssertEquals.java:86)
	at org.junit.jupiter.api.AssertEquals.assertEquals(AssertEquals.java:81)
	at org.junit.jupiter.api.Assertions.assertEquals(Assertions.java:993)
	at ProbeSimulatorTest.testTrajectoryOneDayY(ProbeSimulatorTest.java:31)
	at java.base/jdk.internal.reflect.NativeMethodAccessorImpl.invoke0(Native Method)
	at java.base/jdk.internal.reflect.NativeMethodAccessorImpl.invoke(NativeMethodAccessorImpl.java:64)
	at java.base/jdk.internal.reflect.DelegatingMethodAccessorImpl.invoke(DelegatingMethodAccessorImpl.java:43)
	at java.base/java.lang.reflect.Method.invoke(Method.java:564)
	at org.junit.platform.commons.util.ReflectionUtils.invokeMethod(ReflectionUtils.java:688)
	at org.junit.jupiter.engine.execution.MethodInvocation.proceed(MethodInvocation.java:60)
	at org.junit.jupiter.engine.execution.InvocationInterceptorChain$ValidatingInvocation.proceed(InvocationInterceptorChain.java:131)
	at org.junit.jupiter.engine.extension.TimeoutExtension.intercept(TimeoutExtension.java:149)
	at org.junit.jupiter.engine.extension.TimeoutExtension.interceptTestableMethod(TimeoutExtension.java:140)
	at org.junit.jupiter.engine.extension.TimeoutExtension.interceptTestMethod(TimeoutExtension.java:84)
	at org.junit.jupiter.engine.execution.ExecutableInvoker$ReflectiveInterceptorCall.lambda$ofVoidMethod$0(ExecutableInvoker.java:115)
	at org.junit.jupiter.engine.execution.ExecutableInvoker.lambda$invoke$0(ExecutableInvoker.java:105)
	at org.junit.jupiter.engine.execution.InvocationInterceptorChain$InterceptedInvocation.proceed(InvocationInterceptorChain.java:106)
	at org.junit.jupiter.engine.execution.InvocationInterceptorChain.proceed(InvocationInterceptorChain.java:64)
	at org.junit.jupiter.engine.execution.InvocationInterceptorChain.chainAndInvoke(InvocationInterceptorChain.java:45)
	at org.junit.jupiter.engine.execution.InvocationInterceptorChain.invoke(InvocationInterceptorChain.java:37)
	at org.junit.jupiter.engine.execution.ExecutableInvoker.invoke(ExecutableInvoker.java:104)
	at org.junit.jupiter.engine.execution.ExecutableInvoker.invoke(ExecutableInvoker.java:98)
	at org.junit.jupiter.engine.descriptor.TestMethodTestDescriptor.lambda$invokeTestMethod$6(TestMethodTestDescriptor.java:210)
	at org.junit.platform.engine.support.hierarchical.ThrowableCollector.execute(ThrowableCollector.java:73)
	at org.junit.jupiter.engine.descriptor.TestMethodTestDescriptor.invokeTestMethod(TestMethodTestDescriptor.java:206)
	at org.junit.jupiter.engine.descriptor.TestMethodTestDescriptor.execute(TestMethodTestDescriptor.java:131)
	at org.junit.jupiter.engine.descriptor.TestMethodTestDescriptor.execute(TestMethodTestDescriptor.java:65)
	at org.junit.platform.engine.support.hierarchical.NodeTestTask.lambda$executeRecursively$5(NodeTestTask.java:139)
	at org.junit.platform.engine.support.hierarchical.ThrowableCollector.execute(ThrowableCollector.java:73)
	at org.junit.platform.engine.support.hierarchical.NodeTestTask.lambda$executeRecursively$7(NodeTestTask.java:129)
	at org.junit.platform.engine.support.hierarchical.Node.around(Node.java:137)
	at org.junit.platform.engine.support.hierarchical.NodeTestTask.lambda$executeRecursively$8(NodeTestTask.java:127)
	at org.junit.platform.engine.support.hierarchical.ThrowableCollector.execute(ThrowableCollector.java:73)
	at org.junit.platform.engine.support.hierarchical.NodeTestTask.executeRecursively(NodeTestTask.java:126)
	at org.junit.platform.engine.support.hierarchical.NodeTestTask.execute(NodeTestTask.java:84)
	at java.base/java.util.ArrayList.forEach(ArrayList.java:1511)
	at org.junit.platform.engine.support.hierarchical.SameThreadHierarchicalTestExecutorService.invokeAll(SameThreadHierarchicalTestExecutorService.java:38)
	at org.junit.platform.engine.support.hierarchical.NodeTestTask.lambda$executeRecursively$5(NodeTestTask.java:143)
	at org.junit.platform.engine.support.hierarchical.ThrowableCollector.execute(ThrowableCollector.java:73)
	at org.junit.platform.engine.support.hierarchical.NodeTestTask.lambda$executeRecursively$7(NodeTestTask.java:129)
	at org.junit.platform.engine.support.hierarchical.Node.around(Node.java:137)
	at org.junit.platform.engine.support.hierarchical.NodeTestTask.lambda$executeRecursively$8(NodeTestTask.java:127)
	at org.junit.platform.engine.support.hierarchical.ThrowableCollector.execute(ThrowableCollector.java:73)
	at org.junit.platform.engine.support.hierarchical.NodeTestTask.executeRecursively(NodeTestTask.java:126)
	at org.junit.platform.engine.support.hierarchical.NodeTestTask.execute(NodeTestTask.java:84)
	at java.base/java.util.ArrayList.forEach(ArrayList.java:1511)
	at org.junit.platform.engine.support.hierarchical.SameThreadHierarchicalTestExecutorService.invokeAll(SameThreadHierarchicalTestExecutorService.java:38)
	at org.junit.platform.engine.support.hierarchical.NodeTestTask.lambda$executeRecursively$5(NodeTestTask.java:143)
	at org.junit.platform.engine.support.hierarchical.ThrowableCollector.execute(ThrowableCollector.java:73)
	at org.junit.platform.engine.support.hierarchical.NodeTestTask.lambda$executeRecursively$7(NodeTestTask.java:129)
	at org.junit.platform.engine.support.hierarchical.Node.around(Node.java:137)
	at org.junit.platform.engine.support.hierarchical.NodeTestTask.lambda$executeRecursively$8(NodeTestTask.java:127)
	at org.junit.platform.engine.support.hierarchical.ThrowableCollector.execute(ThrowableCollector.java:73)
	at org.junit.platform.engine.support.hierarchical.NodeTestTask.executeRecursively(NodeTestTask.java:126)
	at org.junit.platform.engine.support.hierarchical.NodeTestTask.execute(NodeTestTask.java:84)
	at org.junit.platform.engine.support.hierarchical.SameThreadHierarchicalTestExecutorService.submit(SameThreadHierarchicalTestExecutorService.java:32)
	at org.junit.platform.engine.support.hierarchical.HierarchicalTestExecutor.execute(HierarchicalTestExecutor.java:57)
	at org.junit.platform.engine.support.hierarchical.HierarchicalTestEngine.execute(HierarchicalTestEngine.java:51)
	at org.junit.platform.launcher.core.EngineExecutionOrchestrator.execute(EngineExecutionOrchestrator.java:108)
	at org.junit.platform.launcher.core.EngineExecutionOrchestrator.execute(EngineExecutionOrchestrator.java:88)
	at org.junit.platform.launcher.core.EngineExecutionOrchestrator.lambda$execute$0(EngineExecutionOrchestrator.java:54)
	at org.junit.platform.launcher.core.EngineExecutionOrchestrator.withInterceptedStreams(EngineExecutionOrchestrator.java:67)
	at org.junit.platform.launcher.core.EngineExecutionOrchestrator.execute(EngineExecutionOrchestrator.java:52)
	at org.junit.platform.launcher.core.DefaultLauncher.execute(DefaultLauncher.java:96)
	at org.junit.platform.launcher.core.DefaultLauncher.execute(DefaultLauncher.java:75)
	at org.gradle.api.internal.tasks.testing.junitplatform.JUnitPlatformTestClassProcessor$CollectAllTestClassesExecutor.processAllTestClasses(JUnitPlatformTestClassProcessor.java:99)
	at org.gradle.api.internal.tasks.testing.junitplatform.JUnitPlatformTestClassProcessor$CollectAllTestClassesExecutor.access$000(JUnitPlatformTestClassProcessor.java:79)
	at org.gradle.api.internal.tasks.testing.junitplatform.JUnitPlatformTestClassProcessor.stop(JUnitPlatformTestClassProcessor.java:75)
	at org.gradle.api.internal.tasks.testing.SuiteTestClassProcessor.stop(SuiteTestClassProcessor.java:61)
	at java.base/jdk.internal.reflect.NativeMethodAccessorImpl.invoke0(Native Method)
	at java.base/jdk.internal.reflect.NativeMethodAccessorImpl.invoke(NativeMethodAccessorImpl.java:64)
	at java.base/jdk.internal.reflect.DelegatingMethodAccessorImpl.invoke(DelegatingMethodAccessorImpl.java:43)
	at java.base/java.lang.reflect.Method.invoke(Method.java:564)
	at org.gradle.internal.dispatch.ReflectionDispatch.dispatch(ReflectionDispatch.java:36)
	at org.gradle.internal.dispatch.ReflectionDispatch.dispatch(ReflectionDispatch.java:24)
	at org.gradle.internal.dispatch.ContextClassLoaderDispatch.dispatch(ContextClassLoaderDispatch.java:33)
	at org.gradle.internal.dispatch.ProxyDispatchAdapter$DispatchingInvocationHandler.invoke(ProxyDispatchAdapter.java:94)
	at com.sun.proxy.$Proxy5.stop(Unknown Source)
	at org.gradle.api.internal.tasks.testing.worker.TestWorker.stop(TestWorker.java:135)
	at java.base/jdk.internal.reflect.NativeMethodAccessorImpl.invoke0(Native Method)
	at java.base/jdk.internal.reflect.NativeMethodAccessorImpl.invoke(NativeMethodAccessorImpl.java:64)
	at java.base/jdk.internal.reflect.DelegatingMethodAccessorImpl.invoke(DelegatingMethodAccessorImpl.java:43)
	at java.base/java.lang.reflect.Method.invoke(Method.java:564)
	at org.gradle.internal.dispatch.ReflectionDispatch.dispatch(ReflectionDispatch.java:36)
	at org.gradle.internal.dispatch.ReflectionDispatch.dispatch(ReflectionDispatch.java:24)
	at org.gradle.internal.remote.internal.hub.MessageHubBackedObjectConnection$DispatchWrapper.dispatch(MessageHubBackedObjectConnection.java:182)
	at org.gradle.internal.remote.internal.hub.MessageHubBackedObjectConnection$DispatchWrapper.dispatch(MessageHubBackedObjectConnection.java:164)
	at org.gradle.internal.remote.internal.hub.MessageHub$Handler.run(MessageHub.java:414)
	at org.gradle.internal.concurrent.ExecutorPolicy$CatchAndRecordFailures.onExecute(ExecutorPolicy.java:64)
	at org.gradle.internal.concurrent.ManagedExecutorImpl$1.run(ManagedExecutorImpl.java:48)
	at java.base/java.util.concurrent.ThreadPoolExecutor.runWorker(ThreadPoolExecutor.java:1130)
	at java.base/java.util.concurrent.ThreadPoolExecutor$Worker.run(ThreadPoolExecutor.java:630)
	at org.gradle.internal.concurrent.ThreadFactoryImpl$ManagedThreadRunnable.run(ThreadFactoryImpl.java:56)
	at java.base/java.lang.Thread.run(Thread.java:832)
</failure>
  </testcase>
  <testcase name="testTrajectoryOneDayZ()" classname="ProbeSimulatorTest" time="0.015">
    <failure message="org.opentest4j.AssertionFailedError: expected: &lt;8334994.892882561&gt; but was: &lt;8348751.45709178&gt;" type="org.opentest4j.AssertionFailedError">org.opentest4j.AssertionFailedError: expected: &lt;8334994.892882561&gt; but was: &lt;8348751.45709178&gt;
	at org.junit.jupiter.api.AssertionUtils.fail(AssertionUtils.java:55)
	at org.junit.jupiter.api.AssertionUtils.failNotEqual(AssertionUtils.java:62)
	at org.junit.jupiter.api.AssertEquals.assertEquals(AssertEquals.java:86)
	at org.junit.jupiter.api.AssertEquals.assertEquals(AssertEquals.java:81)
	at org.junit.jupiter.api.Assertions.assertEquals(Assertions.java:993)
	at ProbeSimulatorTest.testTrajectoryOneDayZ(ProbeSimulatorTest.java:39)
	at java.base/jdk.internal.reflect.NativeMethodAccessorImpl.invoke0(Native Method)
	at java.base/jdk.internal.reflect.NativeMethodAccessorImpl.invoke(NativeMethodAccessorImpl.java:64)
	at java.base/jdk.internal.reflect.DelegatingMethodAccessorImpl.invoke(DelegatingMethodAccessorImpl.java:43)
	at java.base/java.lang.reflect.Method.invoke(Method.java:564)
	at org.junit.platform.commons.util.ReflectionUtils.invokeMethod(ReflectionUtils.java:688)
	at org.junit.jupiter.engine.execution.MethodInvocation.proceed(MethodInvocation.java:60)
	at org.junit.jupiter.engine.execution.InvocationInterceptorChain$ValidatingInvocation.proceed(InvocationInterceptorChain.java:131)
	at org.junit.jupiter.engine.extension.TimeoutExtension.intercept(TimeoutExtension.java:149)
	at org.junit.jupiter.engine.extension.TimeoutExtension.interceptTestableMethod(TimeoutExtension.java:140)
	at org.junit.jupiter.engine.extension.TimeoutExtension.interceptTestMethod(TimeoutExtension.java:84)
	at org.junit.jupiter.engine.execution.ExecutableInvoker$ReflectiveInterceptorCall.lambda$ofVoidMethod$0(ExecutableInvoker.java:115)
	at org.junit.jupiter.engine.execution.ExecutableInvoker.lambda$invoke$0(ExecutableInvoker.java:105)
	at org.junit.jupiter.engine.execution.InvocationInterceptorChain$InterceptedInvocation.proceed(InvocationInterceptorChain.java:106)
	at org.junit.jupiter.engine.execution.InvocationInterceptorChain.proceed(InvocationInterceptorChain.java:64)
	at org.junit.jupiter.engine.execution.InvocationInterceptorChain.chainAndInvoke(InvocationInterceptorChain.java:45)
	at org.junit.jupiter.engine.execution.InvocationInterceptorChain.invoke(InvocationInterceptorChain.java:37)
	at org.junit.jupiter.engine.execution.ExecutableInvoker.invoke(ExecutableInvoker.java:104)
	at org.junit.jupiter.engine.execution.ExecutableInvoker.invoke(ExecutableInvoker.java:98)
	at org.junit.jupiter.engine.descriptor.TestMethodTestDescriptor.lambda$invokeTestMethod$6(TestMethodTestDescriptor.java:210)
	at org.junit.platform.engine.support.hierarchical.ThrowableCollector.execute(ThrowableCollector.java:73)
	at org.junit.jupiter.engine.descriptor.TestMethodTestDescriptor.invokeTestMethod(TestMethodTestDescriptor.java:206)
	at org.junit.jupiter.engine.descriptor.TestMethodTestDescriptor.execute(TestMethodTestDescriptor.java:131)
	at org.junit.jupiter.engine.descriptor.TestMethodTestDescriptor.execute(TestMethodTestDescriptor.java:65)
	at org.junit.platform.engine.support.hierarchical.NodeTestTask.lambda$executeRecursively$5(NodeTestTask.java:139)
	at org.junit.platform.engine.support.hierarchical.ThrowableCollector.execute(ThrowableCollector.java:73)
	at org.junit.platform.engine.support.hierarchical.NodeTestTask.lambda$executeRecursively$7(NodeTestTask.java:129)
	at org.junit.platform.engine.support.hierarchical.Node.around(Node.java:137)
	at org.junit.platform.engine.support.hierarchical.NodeTestTask.lambda$executeRecursively$8(NodeTestTask.java:127)
	at org.junit.platform.engine.support.hierarchical.ThrowableCollector.execute(ThrowableCollector.java:73)
	at org.junit.platform.engine.support.hierarchical.NodeTestTask.executeRecursively(NodeTestTask.java:126)
	at org.junit.platform.engine.support.hierarchical.NodeTestTask.execute(NodeTestTask.java:84)
	at java.base/java.util.ArrayList.forEach(ArrayList.java:1511)
	at org.junit.platform.engine.support.hierarchical.SameThreadHierarchicalTestExecutorService.invokeAll(SameThreadHierarchicalTestExecutorService.java:38)
	at org.junit.platform.engine.support.hierarchical.NodeTestTask.lambda$executeRecursively$5(NodeTestTask.java:143)
	at org.junit.platform.engine.support.hierarchical.ThrowableCollector.execute(ThrowableCollector.java:73)
	at org.junit.platform.engine.support.hierarchical.NodeTestTask.lambda$executeRecursively$7(NodeTestTask.java:129)
	at org.junit.platform.engine.support.hierarchical.Node.around(Node.java:137)
	at org.junit.platform.engine.support.hierarchical.NodeTestTask.lambda$executeRecursively$8(NodeTestTask.java:127)
	at org.junit.platform.engine.support.hierarchical.ThrowableCollector.execute(ThrowableCollector.java:73)
	at org.junit.platform.engine.support.hierarchical.NodeTestTask.executeRecursively(NodeTestTask.java:126)
	at org.junit.platform.engine.support.hierarchical.NodeTestTask.execute(NodeTestTask.java:84)
	at java.base/java.util.ArrayList.forEach(ArrayList.java:1511)
	at org.junit.platform.engine.support.hierarchical.SameThreadHierarchicalTestExecutorService.invokeAll(SameThreadHierarchicalTestExecutorService.java:38)
	at org.junit.platform.engine.support.hierarchical.NodeTestTask.lambda$executeRecursively$5(NodeTestTask.java:143)
	at org.junit.platform.engine.support.hierarchical.ThrowableCollector.execute(ThrowableCollector.java:73)
	at org.junit.platform.engine.support.hierarchical.NodeTestTask.lambda$executeRecursively$7(NodeTestTask.java:129)
	at org.junit.platform.engine.support.hierarchical.Node.around(Node.java:137)
	at org.junit.platform.engine.support.hierarchical.NodeTestTask.lambda$executeRecursively$8(NodeTestTask.java:127)
	at org.junit.platform.engine.support.hierarchical.ThrowableCollector.execute(ThrowableCollector.java:73)
	at org.junit.platform.engine.support.hierarchical.NodeTestTask.executeRecursively(NodeTestTask.java:126)
	at org.junit.platform.engine.support.hierarchical.NodeTestTask.execute(NodeTestTask.java:84)
	at org.junit.platform.engine.support.hierarchical.SameThreadHierarchicalTestExecutorService.submit(SameThreadHierarchicalTestExecutorService.java:32)
	at org.junit.platform.engine.support.hierarchical.HierarchicalTestExecutor.execute(HierarchicalTestExecutor.java:57)
	at org.junit.platform.engine.support.hierarchical.HierarchicalTestEngine.execute(HierarchicalTestEngine.java:51)
	at org.junit.platform.launcher.core.EngineExecutionOrchestrator.execute(EngineExecutionOrchestrator.java:108)
	at org.junit.platform.launcher.core.EngineExecutionOrchestrator.execute(EngineExecutionOrchestrator.java:88)
	at org.junit.platform.launcher.core.EngineExecutionOrchestrator.lambda$execute$0(EngineExecutionOrchestrator.java:54)
	at org.junit.platform.launcher.core.EngineExecutionOrchestrator.withInterceptedStreams(EngineExecutionOrchestrator.java:67)
	at org.junit.platform.launcher.core.EngineExecutionOrchestrator.execute(EngineExecutionOrchestrator.java:52)
	at org.junit.platform.launcher.core.DefaultLauncher.execute(DefaultLauncher.java:96)
	at org.junit.platform.launcher.core.DefaultLauncher.execute(DefaultLauncher.java:75)
	at org.gradle.api.internal.tasks.testing.junitplatform.JUnitPlatformTestClassProcessor$CollectAllTestClassesExecutor.processAllTestClasses(JUnitPlatformTestClassProcessor.java:99)
	at org.gradle.api.internal.tasks.testing.junitplatform.JUnitPlatformTestClassProcessor$CollectAllTestClassesExecutor.access$000(JUnitPlatformTestClassProcessor.java:79)
	at org.gradle.api.internal.tasks.testing.junitplatform.JUnitPlatformTestClassProcessor.stop(JUnitPlatformTestClassProcessor.java:75)
	at org.gradle.api.internal.tasks.testing.SuiteTestClassProcessor.stop(SuiteTestClassProcessor.java:61)
	at java.base/jdk.internal.reflect.NativeMethodAccessorImpl.invoke0(Native Method)
	at java.base/jdk.internal.reflect.NativeMethodAccessorImpl.invoke(NativeMethodAccessorImpl.java:64)
	at java.base/jdk.internal.reflect.DelegatingMethodAccessorImpl.invoke(DelegatingMethodAccessorImpl.java:43)
	at java.base/java.lang.reflect.Method.invoke(Method.java:564)
	at org.gradle.internal.dispatch.ReflectionDispatch.dispatch(ReflectionDispatch.java:36)
	at org.gradle.internal.dispatch.ReflectionDispatch.dispatch(ReflectionDispatch.java:24)
	at org.gradle.internal.dispatch.ContextClassLoaderDispatch.dispatch(ContextClassLoaderDispatch.java:33)
	at org.gradle.internal.dispatch.ProxyDispatchAdapter$DispatchingInvocationHandler.invoke(ProxyDispatchAdapter.java:94)
	at com.sun.proxy.$Proxy5.stop(Unknown Source)
	at org.gradle.api.internal.tasks.testing.worker.TestWorker.stop(TestWorker.java:135)
	at java.base/jdk.internal.reflect.NativeMethodAccessorImpl.invoke0(Native Method)
	at java.base/jdk.internal.reflect.NativeMethodAccessorImpl.invoke(NativeMethodAccessorImpl.java:64)
	at java.base/jdk.internal.reflect.DelegatingMethodAccessorImpl.invoke(DelegatingMethodAccessorImpl.java:43)
	at java.base/java.lang.reflect.Method.invoke(Method.java:564)
	at org.gradle.internal.dispatch.ReflectionDispatch.dispatch(ReflectionDispatch.java:36)
	at org.gradle.internal.dispatch.ReflectionDispatch.dispatch(ReflectionDispatch.java:24)
	at org.gradle.internal.remote.internal.hub.MessageHubBackedObjectConnection$DispatchWrapper.dispatch(MessageHubBackedObjectConnection.java:182)
	at org.gradle.internal.remote.internal.hub.MessageHubBackedObjectConnection$DispatchWrapper.dispatch(MessageHubBackedObjectConnection.java:164)
	at org.gradle.internal.remote.internal.hub.MessageHub$Handler.run(MessageHub.java:414)
	at org.gradle.internal.concurrent.ExecutorPolicy$CatchAndRecordFailures.onExecute(ExecutorPolicy.java:64)
	at org.gradle.internal.concurrent.ManagedExecutorImpl$1.run(ManagedExecutorImpl.java:48)
	at java.base/java.util.concurrent.ThreadPoolExecutor.runWorker(ThreadPoolExecutor.java:1130)
	at java.base/java.util.concurrent.ThreadPoolExecutor$Worker.run(ThreadPoolExecutor.java:630)
	at org.gradle.internal.concurrent.ThreadFactoryImpl$ManagedThreadRunnable.run(ThreadFactoryImpl.java:56)
	at java.base/java.lang.Thread.run(Thread.java:832)
</failure>
  </testcase>
  <testcase name="testTrajectoryLength()" classname="ProbeSimulatorTest" time="1.849"/>
  <testcase name="testTrajectoryOneYearX()" classname="ProbeSimulatorTest" time="0.277">
    <failure message="org.opentest4j.AssertionFailedError: expected: &lt;-2.4951517995514418E13&gt; but was: &lt;-2.4960745487418824E13&gt;" type="org.opentest4j.AssertionFailedError">org.opentest4j.AssertionFailedError: expected: &lt;-2.4951517995514418E13&gt; but was: &lt;-2.4960745487418824E13&gt;
	at org.junit.jupiter.api.AssertionUtils.fail(AssertionUtils.java:55)
	at org.junit.jupiter.api.AssertionUtils.failNotEqual(AssertionUtils.java:62)
	at org.junit.jupiter.api.AssertEquals.assertEquals(AssertEquals.java:86)
	at org.junit.jupiter.api.AssertEquals.assertEquals(AssertEquals.java:81)
	at org.junit.jupiter.api.Assertions.assertEquals(Assertions.java:993)
	at ProbeSimulatorTest.testTrajectoryOneYearX(ProbeSimulatorTest.java:47)
	at java.base/jdk.internal.reflect.NativeMethodAccessorImpl.invoke0(Native Method)
	at java.base/jdk.internal.reflect.NativeMethodAccessorImpl.invoke(NativeMethodAccessorImpl.java:64)
	at java.base/jdk.internal.reflect.DelegatingMethodAccessorImpl.invoke(DelegatingMethodAccessorImpl.java:43)
	at java.base/java.lang.reflect.Method.invoke(Method.java:564)
	at org.junit.platform.commons.util.ReflectionUtils.invokeMethod(ReflectionUtils.java:688)
	at org.junit.jupiter.engine.execution.MethodInvocation.proceed(MethodInvocation.java:60)
	at org.junit.jupiter.engine.execution.InvocationInterceptorChain$ValidatingInvocation.proceed(InvocationInterceptorChain.java:131)
	at org.junit.jupiter.engine.extension.TimeoutExtension.intercept(TimeoutExtension.java:149)
	at org.junit.jupiter.engine.extension.TimeoutExtension.interceptTestableMethod(TimeoutExtension.java:140)
	at org.junit.jupiter.engine.extension.TimeoutExtension.interceptTestMethod(TimeoutExtension.java:84)
	at org.junit.jupiter.engine.execution.ExecutableInvoker$ReflectiveInterceptorCall.lambda$ofVoidMethod$0(ExecutableInvoker.java:115)
	at org.junit.jupiter.engine.execution.ExecutableInvoker.lambda$invoke$0(ExecutableInvoker.java:105)
	at org.junit.jupiter.engine.execution.InvocationInterceptorChain$InterceptedInvocation.proceed(InvocationInterceptorChain.java:106)
	at org.junit.jupiter.engine.execution.InvocationInterceptorChain.proceed(InvocationInterceptorChain.java:64)
	at org.junit.jupiter.engine.execution.InvocationInterceptorChain.chainAndInvoke(InvocationInterceptorChain.java:45)
	at org.junit.jupiter.engine.execution.InvocationInterceptorChain.invoke(InvocationInterceptorChain.java:37)
	at org.junit.jupiter.engine.execution.ExecutableInvoker.invoke(ExecutableInvoker.java:104)
	at org.junit.jupiter.engine.execution.ExecutableInvoker.invoke(ExecutableInvoker.java:98)
	at org.junit.jupiter.engine.descriptor.TestMethodTestDescriptor.lambda$invokeTestMethod$6(TestMethodTestDescriptor.java:210)
	at org.junit.platform.engine.support.hierarchical.ThrowableCollector.execute(ThrowableCollector.java:73)
	at org.junit.jupiter.engine.descriptor.TestMethodTestDescriptor.invokeTestMethod(TestMethodTestDescriptor.java:206)
	at org.junit.jupiter.engine.descriptor.TestMethodTestDescriptor.execute(TestMethodTestDescriptor.java:131)
	at org.junit.jupiter.engine.descriptor.TestMethodTestDescriptor.execute(TestMethodTestDescriptor.java:65)
	at org.junit.platform.engine.support.hierarchical.NodeTestTask.lambda$executeRecursively$5(NodeTestTask.java:139)
	at org.junit.platform.engine.support.hierarchical.ThrowableCollector.execute(ThrowableCollector.java:73)
	at org.junit.platform.engine.support.hierarchical.NodeTestTask.lambda$executeRecursively$7(NodeTestTask.java:129)
	at org.junit.platform.engine.support.hierarchical.Node.around(Node.java:137)
	at org.junit.platform.engine.support.hierarchical.NodeTestTask.lambda$executeRecursively$8(NodeTestTask.java:127)
	at org.junit.platform.engine.support.hierarchical.ThrowableCollector.execute(ThrowableCollector.java:73)
	at org.junit.platform.engine.support.hierarchical.NodeTestTask.executeRecursively(NodeTestTask.java:126)
	at org.junit.platform.engine.support.hierarchical.NodeTestTask.execute(NodeTestTask.java:84)
	at java.base/java.util.ArrayList.forEach(ArrayList.java:1511)
	at org.junit.platform.engine.support.hierarchical.SameThreadHierarchicalTestExecutorService.invokeAll(SameThreadHierarchicalTestExecutorService.java:38)
	at org.junit.platform.engine.support.hierarchical.NodeTestTask.lambda$executeRecursively$5(NodeTestTask.java:143)
	at org.junit.platform.engine.support.hierarchical.ThrowableCollector.execute(ThrowableCollector.java:73)
	at org.junit.platform.engine.support.hierarchical.NodeTestTask.lambda$executeRecursively$7(NodeTestTask.java:129)
	at org.junit.platform.engine.support.hierarchical.Node.around(Node.java:137)
	at org.junit.platform.engine.support.hierarchical.NodeTestTask.lambda$executeRecursively$8(NodeTestTask.java:127)
	at org.junit.platform.engine.support.hierarchical.ThrowableCollector.execute(ThrowableCollector.java:73)
	at org.junit.platform.engine.support.hierarchical.NodeTestTask.executeRecursively(NodeTestTask.java:126)
	at org.junit.platform.engine.support.hierarchical.NodeTestTask.execute(NodeTestTask.java:84)
	at java.base/java.util.ArrayList.forEach(ArrayList.java:1511)
	at org.junit.platform.engine.support.hierarchical.SameThreadHierarchicalTestExecutorService.invokeAll(SameThreadHierarchicalTestExecutorService.java:38)
	at org.junit.platform.engine.support.hierarchical.NodeTestTask.lambda$executeRecursively$5(NodeTestTask.java:143)
	at org.junit.platform.engine.support.hierarchical.ThrowableCollector.execute(ThrowableCollector.java:73)
	at org.junit.platform.engine.support.hierarchical.NodeTestTask.lambda$executeRecursively$7(NodeTestTask.java:129)
	at org.junit.platform.engine.support.hierarchical.Node.around(Node.java:137)
	at org.junit.platform.engine.support.hierarchical.NodeTestTask.lambda$executeRecursively$8(NodeTestTask.java:127)
	at org.junit.platform.engine.support.hierarchical.ThrowableCollector.execute(ThrowableCollector.java:73)
	at org.junit.platform.engine.support.hierarchical.NodeTestTask.executeRecursively(NodeTestTask.java:126)
	at org.junit.platform.engine.support.hierarchical.NodeTestTask.execute(NodeTestTask.java:84)
	at org.junit.platform.engine.support.hierarchical.SameThreadHierarchicalTestExecutorService.submit(SameThreadHierarchicalTestExecutorService.java:32)
	at org.junit.platform.engine.support.hierarchical.HierarchicalTestExecutor.execute(HierarchicalTestExecutor.java:57)
	at org.junit.platform.engine.support.hierarchical.HierarchicalTestEngine.execute(HierarchicalTestEngine.java:51)
	at org.junit.platform.launcher.core.EngineExecutionOrchestrator.execute(EngineExecutionOrchestrator.java:108)
	at org.junit.platform.launcher.core.EngineExecutionOrchestrator.execute(EngineExecutionOrchestrator.java:88)
	at org.junit.platform.launcher.core.EngineExecutionOrchestrator.lambda$execute$0(EngineExecutionOrchestrator.java:54)
	at org.junit.platform.launcher.core.EngineExecutionOrchestrator.withInterceptedStreams(EngineExecutionOrchestrator.java:67)
	at org.junit.platform.launcher.core.EngineExecutionOrchestrator.execute(EngineExecutionOrchestrator.java:52)
	at org.junit.platform.launcher.core.DefaultLauncher.execute(DefaultLauncher.java:96)
	at org.junit.platform.launcher.core.DefaultLauncher.execute(DefaultLauncher.java:75)
	at org.gradle.api.internal.tasks.testing.junitplatform.JUnitPlatformTestClassProcessor$CollectAllTestClassesExecutor.processAllTestClasses(JUnitPlatformTestClassProcessor.java:99)
	at org.gradle.api.internal.tasks.testing.junitplatform.JUnitPlatformTestClassProcessor$CollectAllTestClassesExecutor.access$000(JUnitPlatformTestClassProcessor.java:79)
	at org.gradle.api.internal.tasks.testing.junitplatform.JUnitPlatformTestClassProcessor.stop(JUnitPlatformTestClassProcessor.java:75)
	at org.gradle.api.internal.tasks.testing.SuiteTestClassProcessor.stop(SuiteTestClassProcessor.java:61)
	at java.base/jdk.internal.reflect.NativeMethodAccessorImpl.invoke0(Native Method)
	at java.base/jdk.internal.reflect.NativeMethodAccessorImpl.invoke(NativeMethodAccessorImpl.java:64)
	at java.base/jdk.internal.reflect.DelegatingMethodAccessorImpl.invoke(DelegatingMethodAccessorImpl.java:43)
	at java.base/java.lang.reflect.Method.invoke(Method.java:564)
	at org.gradle.internal.dispatch.ReflectionDispatch.dispatch(ReflectionDispatch.java:36)
	at org.gradle.internal.dispatch.ReflectionDispatch.dispatch(ReflectionDispatch.java:24)
	at org.gradle.internal.dispatch.ContextClassLoaderDispatch.dispatch(ContextClassLoaderDispatch.java:33)
	at org.gradle.internal.dispatch.ProxyDispatchAdapter$DispatchingInvocationHandler.invoke(ProxyDispatchAdapter.java:94)
	at com.sun.proxy.$Proxy5.stop(Unknown Source)
	at org.gradle.api.internal.tasks.testing.worker.TestWorker.stop(TestWorker.java:135)
	at java.base/jdk.internal.reflect.NativeMethodAccessorImpl.invoke0(Native Method)
	at java.base/jdk.internal.reflect.NativeMethodAccessorImpl.invoke(NativeMethodAccessorImpl.java:64)
	at java.base/jdk.internal.reflect.DelegatingMethodAccessorImpl.invoke(DelegatingMethodAccessorImpl.java:43)
	at java.base/java.lang.reflect.Method.invoke(Method.java:564)
	at org.gradle.internal.dispatch.ReflectionDispatch.dispatch(ReflectionDispatch.java:36)
	at org.gradle.internal.dispatch.ReflectionDispatch.dispatch(ReflectionDispatch.java:24)
	at org.gradle.internal.remote.internal.hub.MessageHubBackedObjectConnection$DispatchWrapper.dispatch(MessageHubBackedObjectConnection.java:182)
	at org.gradle.internal.remote.internal.hub.MessageHubBackedObjectConnection$DispatchWrapper.dispatch(MessageHubBackedObjectConnection.java:164)
	at org.gradle.internal.remote.internal.hub.MessageHub$Handler.run(MessageHub.java:414)
	at org.gradle.internal.concurrent.ExecutorPolicy$CatchAndRecordFailures.onExecute(ExecutorPolicy.java:64)
	at org.gradle.internal.concurrent.ManagedExecutorImpl$1.run(ManagedExecutorImpl.java:48)
	at java.base/java.util.concurrent.ThreadPoolExecutor.runWorker(ThreadPoolExecutor.java:1130)
	at java.base/java.util.concurrent.ThreadPoolExecutor$Worker.run(ThreadPoolExecutor.java:630)
	at org.gradle.internal.concurrent.ThreadFactoryImpl$ManagedThreadRunnable.run(ThreadFactoryImpl.java:56)
	at java.base/java.lang.Thread.run(Thread.java:832)
</failure>
  </testcase>
  <testcase name="testTrajectoryOneYearY()" classname="ProbeSimulatorTest" time="0.561">
    <failure message="org.opentest4j.AssertionFailedError: expected: &lt;-1.794349344879982E12&gt; but was: &lt;-1.7944073689932764E12&gt;" type="org.opentest4j.AssertionFailedError">org.opentest4j.AssertionFailedError: expected: &lt;-1.794349344879982E12&gt; but was: &lt;-1.7944073689932764E12&gt;
	at org.junit.jupiter.api.AssertionUtils.fail(AssertionUtils.java:55)
	at org.junit.jupiter.api.AssertionUtils.failNotEqual(AssertionUtils.java:62)
	at org.junit.jupiter.api.AssertEquals.assertEquals(AssertEquals.java:86)
	at org.junit.jupiter.api.AssertEquals.assertEquals(AssertEquals.java:81)
	at org.junit.jupiter.api.Assertions.assertEquals(Assertions.java:993)
	at ProbeSimulatorTest.testTrajectoryOneYearY(ProbeSimulatorTest.java:55)
	at java.base/jdk.internal.reflect.NativeMethodAccessorImpl.invoke0(Native Method)
	at java.base/jdk.internal.reflect.NativeMethodAccessorImpl.invoke(NativeMethodAccessorImpl.java:64)
	at java.base/jdk.internal.reflect.DelegatingMethodAccessorImpl.invoke(DelegatingMethodAccessorImpl.java:43)
	at java.base/java.lang.reflect.Method.invoke(Method.java:564)
	at org.junit.platform.commons.util.ReflectionUtils.invokeMethod(ReflectionUtils.java:688)
	at org.junit.jupiter.engine.execution.MethodInvocation.proceed(MethodInvocation.java:60)
	at org.junit.jupiter.engine.execution.InvocationInterceptorChain$ValidatingInvocation.proceed(InvocationInterceptorChain.java:131)
	at org.junit.jupiter.engine.extension.TimeoutExtension.intercept(TimeoutExtension.java:149)
	at org.junit.jupiter.engine.extension.TimeoutExtension.interceptTestableMethod(TimeoutExtension.java:140)
	at org.junit.jupiter.engine.extension.TimeoutExtension.interceptTestMethod(TimeoutExtension.java:84)
	at org.junit.jupiter.engine.execution.ExecutableInvoker$ReflectiveInterceptorCall.lambda$ofVoidMethod$0(ExecutableInvoker.java:115)
	at org.junit.jupiter.engine.execution.ExecutableInvoker.lambda$invoke$0(ExecutableInvoker.java:105)
	at org.junit.jupiter.engine.execution.InvocationInterceptorChain$InterceptedInvocation.proceed(InvocationInterceptorChain.java:106)
	at org.junit.jupiter.engine.execution.InvocationInterceptorChain.proceed(InvocationInterceptorChain.java:64)
	at org.junit.jupiter.engine.execution.InvocationInterceptorChain.chainAndInvoke(InvocationInterceptorChain.java:45)
	at org.junit.jupiter.engine.execution.InvocationInterceptorChain.invoke(InvocationInterceptorChain.java:37)
	at org.junit.jupiter.engine.execution.ExecutableInvoker.invoke(ExecutableInvoker.java:104)
	at org.junit.jupiter.engine.execution.ExecutableInvoker.invoke(ExecutableInvoker.java:98)
	at org.junit.jupiter.engine.descriptor.TestMethodTestDescriptor.lambda$invokeTestMethod$6(TestMethodTestDescriptor.java:210)
	at org.junit.platform.engine.support.hierarchical.ThrowableCollector.execute(ThrowableCollector.java:73)
	at org.junit.jupiter.engine.descriptor.TestMethodTestDescriptor.invokeTestMethod(TestMethodTestDescriptor.java:206)
	at org.junit.jupiter.engine.descriptor.TestMethodTestDescriptor.execute(TestMethodTestDescriptor.java:131)
	at org.junit.jupiter.engine.descriptor.TestMethodTestDescriptor.execute(TestMethodTestDescriptor.java:65)
	at org.junit.platform.engine.support.hierarchical.NodeTestTask.lambda$executeRecursively$5(NodeTestTask.java:139)
	at org.junit.platform.engine.support.hierarchical.ThrowableCollector.execute(ThrowableCollector.java:73)
	at org.junit.platform.engine.support.hierarchical.NodeTestTask.lambda$executeRecursively$7(NodeTestTask.java:129)
	at org.junit.platform.engine.support.hierarchical.Node.around(Node.java:137)
	at org.junit.platform.engine.support.hierarchical.NodeTestTask.lambda$executeRecursively$8(NodeTestTask.java:127)
	at org.junit.platform.engine.support.hierarchical.ThrowableCollector.execute(ThrowableCollector.java:73)
	at org.junit.platform.engine.support.hierarchical.NodeTestTask.executeRecursively(NodeTestTask.java:126)
	at org.junit.platform.engine.support.hierarchical.NodeTestTask.execute(NodeTestTask.java:84)
	at java.base/java.util.ArrayList.forEach(ArrayList.java:1511)
	at org.junit.platform.engine.support.hierarchical.SameThreadHierarchicalTestExecutorService.invokeAll(SameThreadHierarchicalTestExecutorService.java:38)
	at org.junit.platform.engine.support.hierarchical.NodeTestTask.lambda$executeRecursively$5(NodeTestTask.java:143)
	at org.junit.platform.engine.support.hierarchical.ThrowableCollector.execute(ThrowableCollector.java:73)
	at org.junit.platform.engine.support.hierarchical.NodeTestTask.lambda$executeRecursively$7(NodeTestTask.java:129)
	at org.junit.platform.engine.support.hierarchical.Node.around(Node.java:137)
	at org.junit.platform.engine.support.hierarchical.NodeTestTask.lambda$executeRecursively$8(NodeTestTask.java:127)
	at org.junit.platform.engine.support.hierarchical.ThrowableCollector.execute(ThrowableCollector.java:73)
	at org.junit.platform.engine.support.hierarchical.NodeTestTask.executeRecursively(NodeTestTask.java:126)
	at org.junit.platform.engine.support.hierarchical.NodeTestTask.execute(NodeTestTask.java:84)
	at java.base/java.util.ArrayList.forEach(ArrayList.java:1511)
	at org.junit.platform.engine.support.hierarchical.SameThreadHierarchicalTestExecutorService.invokeAll(SameThreadHierarchicalTestExecutorService.java:38)
	at org.junit.platform.engine.support.hierarchical.NodeTestTask.lambda$executeRecursively$5(NodeTestTask.java:143)
	at org.junit.platform.engine.support.hierarchical.ThrowableCollector.execute(ThrowableCollector.java:73)
	at org.junit.platform.engine.support.hierarchical.NodeTestTask.lambda$executeRecursively$7(NodeTestTask.java:129)
	at org.junit.platform.engine.support.hierarchical.Node.around(Node.java:137)
	at org.junit.platform.engine.support.hierarchical.NodeTestTask.lambda$executeRecursively$8(NodeTestTask.java:127)
	at org.junit.platform.engine.support.hierarchical.ThrowableCollector.execute(ThrowableCollector.java:73)
	at org.junit.platform.engine.support.hierarchical.NodeTestTask.executeRecursively(NodeTestTask.java:126)
	at org.junit.platform.engine.support.hierarchical.NodeTestTask.execute(NodeTestTask.java:84)
	at org.junit.platform.engine.support.hierarchical.SameThreadHierarchicalTestExecutorService.submit(SameThreadHierarchicalTestExecutorService.java:32)
	at org.junit.platform.engine.support.hierarchical.HierarchicalTestExecutor.execute(HierarchicalTestExecutor.java:57)
	at org.junit.platform.engine.support.hierarchical.HierarchicalTestEngine.execute(HierarchicalTestEngine.java:51)
	at org.junit.platform.launcher.core.EngineExecutionOrchestrator.execute(EngineExecutionOrchestrator.java:108)
	at org.junit.platform.launcher.core.EngineExecutionOrchestrator.execute(EngineExecutionOrchestrator.java:88)
	at org.junit.platform.launcher.core.EngineExecutionOrchestrator.lambda$execute$0(EngineExecutionOrchestrator.java:54)
	at org.junit.platform.launcher.core.EngineExecutionOrchestrator.withInterceptedStreams(EngineExecutionOrchestrator.java:67)
	at org.junit.platform.launcher.core.EngineExecutionOrchestrator.execute(EngineExecutionOrchestrator.java:52)
	at org.junit.platform.launcher.core.DefaultLauncher.execute(DefaultLauncher.java:96)
	at org.junit.platform.launcher.core.DefaultLauncher.execute(DefaultLauncher.java:75)
	at org.gradle.api.internal.tasks.testing.junitplatform.JUnitPlatformTestClassProcessor$CollectAllTestClassesExecutor.processAllTestClasses(JUnitPlatformTestClassProcessor.java:99)
	at org.gradle.api.internal.tasks.testing.junitplatform.JUnitPlatformTestClassProcessor$CollectAllTestClassesExecutor.access$000(JUnitPlatformTestClassProcessor.java:79)
	at org.gradle.api.internal.tasks.testing.junitplatform.JUnitPlatformTestClassProcessor.stop(JUnitPlatformTestClassProcessor.java:75)
	at org.gradle.api.internal.tasks.testing.SuiteTestClassProcessor.stop(SuiteTestClassProcessor.java:61)
	at java.base/jdk.internal.reflect.NativeMethodAccessorImpl.invoke0(Native Method)
	at java.base/jdk.internal.reflect.NativeMethodAccessorImpl.invoke(NativeMethodAccessorImpl.java:64)
	at java.base/jdk.internal.reflect.DelegatingMethodAccessorImpl.invoke(DelegatingMethodAccessorImpl.java:43)
	at java.base/java.lang.reflect.Method.invoke(Method.java:564)
	at org.gradle.internal.dispatch.ReflectionDispatch.dispatch(ReflectionDispatch.java:36)
	at org.gradle.internal.dispatch.ReflectionDispatch.dispatch(ReflectionDispatch.java:24)
	at org.gradle.internal.dispatch.ContextClassLoaderDispatch.dispatch(ContextClassLoaderDispatch.java:33)
	at org.gradle.internal.dispatch.ProxyDispatchAdapter$DispatchingInvocationHandler.invoke(ProxyDispatchAdapter.java:94)
	at com.sun.proxy.$Proxy5.stop(Unknown Source)
	at org.gradle.api.internal.tasks.testing.worker.TestWorker.stop(TestWorker.java:135)
	at java.base/jdk.internal.reflect.NativeMethodAccessorImpl.invoke0(Native Method)
	at java.base/jdk.internal.reflect.NativeMethodAccessorImpl.invoke(NativeMethodAccessorImpl.java:64)
	at java.base/jdk.internal.reflect.DelegatingMethodAccessorImpl.invoke(DelegatingMethodAccessorImpl.java:43)
	at java.base/java.lang.reflect.Method.invoke(Method.java:564)
	at org.gradle.internal.dispatch.ReflectionDispatch.dispatch(ReflectionDispatch.java:36)
	at org.gradle.internal.dispatch.ReflectionDispatch.dispatch(ReflectionDispatch.java:24)
	at org.gradle.internal.remote.internal.hub.MessageHubBackedObjectConnection$DispatchWrapper.dispatch(MessageHubBackedObjectConnection.java:182)
	at org.gradle.internal.remote.internal.hub.MessageHubBackedObjectConnection$DispatchWrapper.dispatch(MessageHubBackedObjectConnection.java:164)
	at org.gradle.internal.remote.internal.hub.MessageHub$Handler.run(MessageHub.java:414)
	at org.gradle.internal.concurrent.ExecutorPolicy$CatchAndRecordFailures.onExecute(ExecutorPolicy.java:64)
	at org.gradle.internal.concurrent.ManagedExecutorImpl$1.run(ManagedExecutorImpl.java:48)
	at java.base/java.util.concurrent.ThreadPoolExecutor.runWorker(ThreadPoolExecutor.java:1130)
	at java.base/java.util.concurrent.ThreadPoolExecutor$Worker.run(ThreadPoolExecutor.java:630)
	at org.gradle.internal.concurrent.ThreadFactoryImpl$ManagedThreadRunnable.run(ThreadFactoryImpl.java:56)
	at java.base/java.lang.Thread.run(Thread.java:832)
</failure>
  </testcase>
  <testcase name="testTrajectoryOneYearZ()" classname="ProbeSimulatorTest" time="0.05">
    <failure message="org.opentest4j.AssertionFailedError: expected: &lt;2.901591968932223E7&gt; but was: &lt;2.9035016457470186E7&gt;" type="org.opentest4j.AssertionFailedError">org.opentest4j.AssertionFailedError: expected: &lt;2.901591968932223E7&gt; but was: &lt;2.9035016457470186E7&gt;
	at org.junit.jupiter.api.AssertionUtils.fail(AssertionUtils.java:55)
	at org.junit.jupiter.api.AssertionUtils.failNotEqual(AssertionUtils.java:62)
	at org.junit.jupiter.api.AssertEquals.assertEquals(AssertEquals.java:86)
	at org.junit.jupiter.api.AssertEquals.assertEquals(AssertEquals.java:81)
	at org.junit.jupiter.api.Assertions.assertEquals(Assertions.java:993)
	at ProbeSimulatorTest.testTrajectoryOneYearZ(ProbeSimulatorTest.java:63)
	at java.base/jdk.internal.reflect.NativeMethodAccessorImpl.invoke0(Native Method)
	at java.base/jdk.internal.reflect.NativeMethodAccessorImpl.invoke(NativeMethodAccessorImpl.java:64)
	at java.base/jdk.internal.reflect.DelegatingMethodAccessorImpl.invoke(DelegatingMethodAccessorImpl.java:43)
	at java.base/java.lang.reflect.Method.invoke(Method.java:564)
	at org.junit.platform.commons.util.ReflectionUtils.invokeMethod(ReflectionUtils.java:688)
	at org.junit.jupiter.engine.execution.MethodInvocation.proceed(MethodInvocation.java:60)
	at org.junit.jupiter.engine.execution.InvocationInterceptorChain$ValidatingInvocation.proceed(InvocationInterceptorChain.java:131)
	at org.junit.jupiter.engine.extension.TimeoutExtension.intercept(TimeoutExtension.java:149)
	at org.junit.jupiter.engine.extension.TimeoutExtension.interceptTestableMethod(TimeoutExtension.java:140)
	at org.junit.jupiter.engine.extension.TimeoutExtension.interceptTestMethod(TimeoutExtension.java:84)
	at org.junit.jupiter.engine.execution.ExecutableInvoker$ReflectiveInterceptorCall.lambda$ofVoidMethod$0(ExecutableInvoker.java:115)
	at org.junit.jupiter.engine.execution.ExecutableInvoker.lambda$invoke$0(ExecutableInvoker.java:105)
	at org.junit.jupiter.engine.execution.InvocationInterceptorChain$InterceptedInvocation.proceed(InvocationInterceptorChain.java:106)
	at org.junit.jupiter.engine.execution.InvocationInterceptorChain.proceed(InvocationInterceptorChain.java:64)
	at org.junit.jupiter.engine.execution.InvocationInterceptorChain.chainAndInvoke(InvocationInterceptorChain.java:45)
	at org.junit.jupiter.engine.execution.InvocationInterceptorChain.invoke(InvocationInterceptorChain.java:37)
	at org.junit.jupiter.engine.execution.ExecutableInvoker.invoke(ExecutableInvoker.java:104)
	at org.junit.jupiter.engine.execution.ExecutableInvoker.invoke(ExecutableInvoker.java:98)
	at org.junit.jupiter.engine.descriptor.TestMethodTestDescriptor.lambda$invokeTestMethod$6(TestMethodTestDescriptor.java:210)
	at org.junit.platform.engine.support.hierarchical.ThrowableCollector.execute(ThrowableCollector.java:73)
	at org.junit.jupiter.engine.descriptor.TestMethodTestDescriptor.invokeTestMethod(TestMethodTestDescriptor.java:206)
	at org.junit.jupiter.engine.descriptor.TestMethodTestDescriptor.execute(TestMethodTestDescriptor.java:131)
	at org.junit.jupiter.engine.descriptor.TestMethodTestDescriptor.execute(TestMethodTestDescriptor.java:65)
	at org.junit.platform.engine.support.hierarchical.NodeTestTask.lambda$executeRecursively$5(NodeTestTask.java:139)
	at org.junit.platform.engine.support.hierarchical.ThrowableCollector.execute(ThrowableCollector.java:73)
	at org.junit.platform.engine.support.hierarchical.NodeTestTask.lambda$executeRecursively$7(NodeTestTask.java:129)
	at org.junit.platform.engine.support.hierarchical.Node.around(Node.java:137)
	at org.junit.platform.engine.support.hierarchical.NodeTestTask.lambda$executeRecursively$8(NodeTestTask.java:127)
	at org.junit.platform.engine.support.hierarchical.ThrowableCollector.execute(ThrowableCollector.java:73)
	at org.junit.platform.engine.support.hierarchical.NodeTestTask.executeRecursively(NodeTestTask.java:126)
	at org.junit.platform.engine.support.hierarchical.NodeTestTask.execute(NodeTestTask.java:84)
	at java.base/java.util.ArrayList.forEach(ArrayList.java:1511)
	at org.junit.platform.engine.support.hierarchical.SameThreadHierarchicalTestExecutorService.invokeAll(SameThreadHierarchicalTestExecutorService.java:38)
	at org.junit.platform.engine.support.hierarchical.NodeTestTask.lambda$executeRecursively$5(NodeTestTask.java:143)
	at org.junit.platform.engine.support.hierarchical.ThrowableCollector.execute(ThrowableCollector.java:73)
	at org.junit.platform.engine.support.hierarchical.NodeTestTask.lambda$executeRecursively$7(NodeTestTask.java:129)
	at org.junit.platform.engine.support.hierarchical.Node.around(Node.java:137)
	at org.junit.platform.engine.support.hierarchical.NodeTestTask.lambda$executeRecursively$8(NodeTestTask.java:127)
	at org.junit.platform.engine.support.hierarchical.ThrowableCollector.execute(ThrowableCollector.java:73)
	at org.junit.platform.engine.support.hierarchical.NodeTestTask.executeRecursively(NodeTestTask.java:126)
	at org.junit.platform.engine.support.hierarchical.NodeTestTask.execute(NodeTestTask.java:84)
	at java.base/java.util.ArrayList.forEach(ArrayList.java:1511)
	at org.junit.platform.engine.support.hierarchical.SameThreadHierarchicalTestExecutorService.invokeAll(SameThreadHierarchicalTestExecutorService.java:38)
	at org.junit.platform.engine.support.hierarchical.NodeTestTask.lambda$executeRecursively$5(NodeTestTask.java:143)
	at org.junit.platform.engine.support.hierarchical.ThrowableCollector.execute(ThrowableCollector.java:73)
	at org.junit.platform.engine.support.hierarchical.NodeTestTask.lambda$executeRecursively$7(NodeTestTask.java:129)
	at org.junit.platform.engine.support.hierarchical.Node.around(Node.java:137)
	at org.junit.platform.engine.support.hierarchical.NodeTestTask.lambda$executeRecursively$8(NodeTestTask.java:127)
	at org.junit.platform.engine.support.hierarchical.ThrowableCollector.execute(ThrowableCollector.java:73)
	at org.junit.platform.engine.support.hierarchical.NodeTestTask.executeRecursively(NodeTestTask.java:126)
	at org.junit.platform.engine.support.hierarchical.NodeTestTask.execute(NodeTestTask.java:84)
	at org.junit.platform.engine.support.hierarchical.SameThreadHierarchicalTestExecutorService.submit(SameThreadHierarchicalTestExecutorService.java:32)
	at org.junit.platform.engine.support.hierarchical.HierarchicalTestExecutor.execute(HierarchicalTestExecutor.java:57)
	at org.junit.platform.engine.support.hierarchical.HierarchicalTestEngine.execute(HierarchicalTestEngine.java:51)
	at org.junit.platform.launcher.core.EngineExecutionOrchestrator.execute(EngineExecutionOrchestrator.java:108)
	at org.junit.platform.launcher.core.EngineExecutionOrchestrator.execute(EngineExecutionOrchestrator.java:88)
	at org.junit.platform.launcher.core.EngineExecutionOrchestrator.lambda$execute$0(EngineExecutionOrchestrator.java:54)
	at org.junit.platform.launcher.core.EngineExecutionOrchestrator.withInterceptedStreams(EngineExecutionOrchestrator.java:67)
	at org.junit.platform.launcher.core.EngineExecutionOrchestrator.execute(EngineExecutionOrchestrator.java:52)
	at org.junit.platform.launcher.core.DefaultLauncher.execute(DefaultLauncher.java:96)
	at org.junit.platform.launcher.core.DefaultLauncher.execute(DefaultLauncher.java:75)
	at org.gradle.api.internal.tasks.testing.junitplatform.JUnitPlatformTestClassProcessor$CollectAllTestClassesExecutor.processAllTestClasses(JUnitPlatformTestClassProcessor.java:99)
	at org.gradle.api.internal.tasks.testing.junitplatform.JUnitPlatformTestClassProcessor$CollectAllTestClassesExecutor.access$000(JUnitPlatformTestClassProcessor.java:79)
	at org.gradle.api.internal.tasks.testing.junitplatform.JUnitPlatformTestClassProcessor.stop(JUnitPlatformTestClassProcessor.java:75)
	at org.gradle.api.internal.tasks.testing.SuiteTestClassProcessor.stop(SuiteTestClassProcessor.java:61)
	at java.base/jdk.internal.reflect.NativeMethodAccessorImpl.invoke0(Native Method)
	at java.base/jdk.internal.reflect.NativeMethodAccessorImpl.invoke(NativeMethodAccessorImpl.java:64)
	at java.base/jdk.internal.reflect.DelegatingMethodAccessorImpl.invoke(DelegatingMethodAccessorImpl.java:43)
	at java.base/java.lang.reflect.Method.invoke(Method.java:564)
	at org.gradle.internal.dispatch.ReflectionDispatch.dispatch(ReflectionDispatch.java:36)
	at org.gradle.internal.dispatch.ReflectionDispatch.dispatch(ReflectionDispatch.java:24)
	at org.gradle.internal.dispatch.ContextClassLoaderDispatch.dispatch(ContextClassLoaderDispatch.java:33)
	at org.gradle.internal.dispatch.ProxyDispatchAdapter$DispatchingInvocationHandler.invoke(ProxyDispatchAdapter.java:94)
	at com.sun.proxy.$Proxy5.stop(Unknown Source)
	at org.gradle.api.internal.tasks.testing.worker.TestWorker.stop(TestWorker.java:135)
	at java.base/jdk.internal.reflect.NativeMethodAccessorImpl.invoke0(Native Method)
	at java.base/jdk.internal.reflect.NativeMethodAccessorImpl.invoke(NativeMethodAccessorImpl.java:64)
	at java.base/jdk.internal.reflect.DelegatingMethodAccessorImpl.invoke(DelegatingMethodAccessorImpl.java:43)
	at java.base/java.lang.reflect.Method.invoke(Method.java:564)
	at org.gradle.internal.dispatch.ReflectionDispatch.dispatch(ReflectionDispatch.java:36)
	at org.gradle.internal.dispatch.ReflectionDispatch.dispatch(ReflectionDispatch.java:24)
	at org.gradle.internal.remote.internal.hub.MessageHubBackedObjectConnection$DispatchWrapper.dispatch(MessageHubBackedObjectConnection.java:182)
	at org.gradle.internal.remote.internal.hub.MessageHubBackedObjectConnection$DispatchWrapper.dispatch(MessageHubBackedObjectConnection.java:164)
	at org.gradle.internal.remote.internal.hub.MessageHub$Handler.run(MessageHub.java:414)
	at org.gradle.internal.concurrent.ExecutorPolicy$CatchAndRecordFailures.onExecute(ExecutorPolicy.java:64)
	at org.gradle.internal.concurrent.ManagedExecutorImpl$1.run(ManagedExecutorImpl.java:48)
	at java.base/java.util.concurrent.ThreadPoolExecutor.runWorker(ThreadPoolExecutor.java:1130)
	at java.base/java.util.concurrent.ThreadPoolExecutor$Worker.run(ThreadPoolExecutor.java:630)
	at org.gradle.internal.concurrent.ThreadFactoryImpl$ManagedThreadRunnable.run(ThreadFactoryImpl.java:56)
	at java.base/java.lang.Thread.run(Thread.java:832)
</failure>
  </testcase>
  <system-out><![CDATA[trajectory length: 367
day,x,y,z
0,-1.471859456635424E11,-2.861000299246477E10,8291942.464411259
1,-1.4218103615585437E11,-3.3475235915144165E10,8348751.45709178
2,-2.1043832813491922E11,-3.83314219069932E10,8406484.265066255
3,-2.786503588137146E11,-4.317647851532428E10,8463677.069781724
4,-3.4684101228928955E11,-4.8017520114856125E10,8520693.798231019
5,-4.1501931510548804E11,-5.285659668105631E10,8577631.478817819
6,-4.831895923285159E11,-5.769453613390309E10,8634526.599920034
7,-5.51354241386021E11,-6.253174398592094E10,8691395.943553
8,-6.195147271405768E11,-6.736844561972028E10,8748248.331427146
9,-6.876720092824987E11,-7.220477798272163E10,8805088.867594117
10,-7.558267503683988E11,-7.704082997968867E10,8861920.72673785
11,-8.239794268797151E11,-8.187666234708286E10,8918745.998219604
12,-8.921303928750527E11,-8.671231829224411E10,8975566.120687596
13,-9.602799185900707E11,-9.154782958027847E10,9032382.121939927
14,-1.028428214945725E12,-9.638322020890071E10,9089194.759035109
15,-1.0965754497144949E12,-1.0121850872780367E11,9146004.604101464
16,-1.1647217585329907E12,-1.0605370975815462E11,9202812.09903971
17,-1.232867252613398E12,-1.1088883502020042E11,9259617.591614095
18,-1.3010120242736047E12,-1.157238940475092E11,9316421.359982863
19,-1.369156150986538E12,-1.2055889469538725E11,9373223.629809257
20,-1.437299698400186E12,-1.2539384351044661E11,9430024.586472379
21,-1.5054427226270056E12,-1.3022874600427301E11,9486824.3839586
22,-1.5735852720049768E12,-1.3506360685945938E11,9543623.15145307
23,-1.641727388470137E12,-1.3989843008703867E11,9600420.998305222
24,-1.7098691086390862E12,-1.4473321914840115E11,9657218.017823726
25,-1.7780104646720105E12,-1.4956797705086084E11,9714014.29021486
26,-1.846151484967534E12,-1.5440270642339838E11,9770809.8848847
27,-1.9142921947272427E12,-1.5923740957730222E11,9827604.862262383
28,-1.9824326164181514E12,-1.6407208855517105E11,9884399.275258409
29,-2.0505727701544753E12,-1.689067451708511E11,9941193.170441613
30,-2.118712674015034E12,-1.7374138104224283E11,9997986.58899705
31,-2.1868523443088816E12,-1.7857599761844794E11,1.0054779567511605E7
32,-2.254991795798979E12,-1.834105962023863E11,1.0111572138622945E7
33,-2.3231310418916157E12,-1.8824517796975815E11,1.016836433155914E7
34,-2.391270094797686E12,-1.9307974398503656E11,1.0225156172590194E7
35,-2.4594089656706953E12,-1.979142952150297E11,1.028194768540803E7
36,-2.5275476647254097E12,-2.0274883254044235E11,1.0338738891448041E7
37,-2.5956862013403193E12,-2.0758335676577975E11,1.0395529810162555E7
38,-2.6638245841464946E12,-2.124178686278704E11,1.045232045925454E7
39,-2.7319628211049473E12,-2.1725236880323224E11,1.0509110854878234E7
40,-2.8001009195742334E12,-2.2208685791446545E11,1.0565901011812106E7
41,-2.868238886369744E12,-2.2692133653582147E11,1.0622690943608591E7
42,-2.9363767278158765E12,-2.317558051980727E11,1.0679480662724193E7
43,-3.004514449792087E12,-2.3659026439278513E11,1.0736270180632943E7
44,-3.0726520577736704E12,-2.4142471457607977E11,1.0793059507925708E7
45,-3.1407895568679727E12,-2.4625915617195422E11,1.0849848654397365E7
46,-3.2089269518466353E12,-2.5109358957522476E11,1.0906637629123595E7
47,-3.2770642471743843E12,-2.5592801515413968E11,1.0963426440528713E7
48,-3.3452014470347983E12,-2.6076243325270682E11,1.102021509644577E7
49,-3.4133385553534277E12,-2.6559684419277228E11,1.1077003604169922E7
50,-3.481475575818585E12,-2.7043124827588104E11,1.1133791970505998E7
51,-3.5496125119000835E12,-2.7526564578494684E11,1.119058020181093E7
52,-3.617749366866161E12,-2.801000369857538E11,1.1247368304031765E7
53,-3.6858861437987964E12,-2.849344221283101E11,1.1304156282739742E7
54,-3.754022845607599E12,-2.897688014480708E11,1.1360944143160935E7
55,-3.822159475042427E12,-2.946031751670443E11,1.141773189020387E7
56,-3.8902960347048696E12,-2.994375434947959E11,1.147451952848444E7
57,-3.958432527058721E12,-3.042719066293595E11,1.1531307062348453E7
58,-4.0265689544395405E12,-3.091062647580675E11,1.158809449589207E7
59,-4.0947053190634E12,-3.139406180583073E11,1.1644881832980352E7
60,-4.162841623034897E12,-3.1877496669821234E11,1.1701669077264132E7
61,-4.23097786835451E12,-3.2360931083729395E11,1.1758456232195392E7
62,-4.2991140569253525E12,-3.2844365062702045E11,1.1815243301041286E7
63,-4.3672501905593916E12,-3.3327798621134845E11,1.1872030286896963E7
64,-4.435386270983177E12,-3.3811231772721106E11,1.19288171926973E7
65,-4.503522299843125E12,-3.4294664530496686E11,1.1985604021227669E7
66,-4.571658278710404E12,-3.477809690688139E11,1.2042390775133811E7
67,-4.639794209085451E12,-3.526152891371716E11,1.2099177456930913E7
68,-4.707930092402152E12,-3.5744960562303314E11,1.2155964069011971E7
69,-4.776065930031723E12,-3.622839186342922E11,1.2212750613655498E7
70,-4.844201723286307E12,-3.671182282740445E11,1.226953709303263E7
71,-4.912337473422321E12,-3.7195253464086835E11,1.23263235092137E7
72,-4.980473181643569E12,-3.767868378290843E11,1.238310986417432E7
73,-5.048608849104135E12,-3.816211379289967E11,1.2439896159801004E7
74,-5.116744476911086E12,-3.864554350271186E11,1.2496682397896402E7
75,-5.184880066126993E12,-3.912897292063805E11,1.2553468580184132E7
76,-5.253015617772281E12,-3.961240205463257E11,1.2610254708313296E7
77,-5.321151132827433E12,-4.009583091232919E11,1.2667040783862663E7
78,-5.389286612235041E12,-4.057925950105812E11,1.2723826808344573E7
79,-5.457422056901741E12,-4.106268782786187E11,1.278061278320857E7
80,-5.525557467700016E12,-4.154611589951013E11,1.2837398709844796E7
81,-5.593692845469886E12,-4.2029543722513635E11,1.289418458958716E7
82,-5.661828191020505E12,-4.2512971303137225E11,1.2950970423716294E7
83,-5.729963505131652E12,-4.2996398647412054E11,1.3007756213462323E7
84,-5.798098788555137E12,-4.3479825761147076E11,1.3064541960007463E7
85,-5.866234042016118E12,-4.396325264993981E11,1.3121327664488442E7
86,-5.934369266214354E12,-4.4446679319186456E11,1.3178113327998789E7
87,-6.00250446182537E12,-4.493010577409148E11,1.323489895159096E7
88,-6.07063962950157E12,-4.541353201967654E11,1.3291684536278358E7
89,-6.138774769873275E12,-4.589695806078895E11,1.3348470083037209E7
90,-6.20690988354971E12,-4.6380383902109686E11,1.3405255592808347E7
91,-6.275044971119935E12,-4.686380954816086E11,1.3462041066498885E7
92,-6.343180033153726E12,-4.734723500331286E11,1.3518826504983785E7
93,-6.411315070202408E12,-4.7830660271791046E11,1.3575611909107346E7
94,-6.479450082799642E12,-4.83140853576821E11,1.3632397279684601E7
95,-6.547585071462171E12,-4.8797510264940015E11,1.3689182617502641E7
96,-6.615720036690529E12,-4.928093499739179E11,1.3745967923321865E7
97,-6.683854978969712E12,-4.97643595587428E11,1.3802753197877156E7
98,-6.7519898987698125E12,-5.024778395258188E11,1.3859538441878997E7
99,-6.820124796546627E12,-5.073120818238618E11,1.391632365601453E7
100,-6.888259672742228E12,-5.1214632251525757E11,1.3973108840948554E7
101,-6.956394527785509E12,-5.169805616326789E11,1.4029893997324472E7
102,-7.024529362092704E12,-5.2181479920781256E11,1.4086679125765188E7
103,-7.092664176067882E12,-5.2664903527139825E11,1.4143464226873955E7
104,-7.160798970103414E12,-5.314832698532662E11,1.4200249301235192E7
105,-7.228933744580422E12,-5.3631750298237244E11,1.4257034349415243E7
106,-7.297068499869204E12,-5.411517346868328E11,1.431381937196311E7
107,-7.365203236329642E12,-5.459859649939552E11,1.437060436941114E7
108,-7.433337954311585E12,-5.508201939302699E11,1.4427389342275694E7
109,-7.501472654155224E12,-5.55654421521559E11,1.4484174291057758E7
110,-7.569607336191438E12,-5.604886477928844E11,1.4540959216243556E7
111,-7.637742000742138E12,-5.653228727686143E11,1.4597744118305104E7
112,-7.705876648120579E12,-5.701570964724481E11,1.4654528997700762E7
113,-7.774011278631678E12,-5.749913189274417E11,1.471131385487574E7
114,-7.842145892572298E12,-5.798255401560293E11,1.4768098690262595E7
115,-7.910280490231536E12,-5.846597601800465E11,1.4824883504281702E7
116,-7.978415071890988E12,-5.894939790207511E11,1.4881668297341695E7
117,-8.046549637825007E12,-5.943281966988431E11,1.4938453069839902E7
118,-8.114684188300949E12,-5.991624132344844E11,1.4995237822162747E7
119,-8.18281872357941E12,-6.039966286473169E11,1.5052022554686144E7
120,-8.250953243914451E12,-6.088308429564806E11,1.5108807267775867E7
121,-8.319087749553814E12,-6.136650561806302E11,1.516559196178791E7
122,-8.387222240739134E12,-6.184992683379518E11,1.5222376637068825E7
123,-8.45535671770613E12,-6.233334794461779E11,1.5279161293956053E7
124,-8.523491180684806E12,-6.281676895226029E11,1.5335945932778228E7
125,-8.591625629899627E12,-6.33001898584097E11,1.539273055385549E7
126,-8.6597600655697E12,-6.378361066471202E11,1.5449515157499759E7
127,-8.72789448790894E12,-6.426703137277355E11,1.5506299744015014E7
128,-8.796028897126234E12,-6.475045198416212E11,1.5563084313697562E7
129,-8.8641632934256E12,-6.523387250040837E11,1.5619868866836285E7
130,-8.93229767700633E12,-6.571729292300686E11,1.5676653403712885E7
131,-9.000432048063143E12,-6.620071325341722E11,1.5733437924602116E7
132,-9.068566406786318E12,-6.668413349306523E11,1.5790222429772004E7
133,-9.136700753361834E12,-6.716755364334386E11,1.5847006919484073E7
134,-9.204835087971492E12,-6.765097370561426E11,1.5903791393993538E7
135,-9.272969410793041E12,-6.813439368120671E11,1.5960575853549512E7
136,-9.341103722000303E12,-6.861781357142161E11,1.6017360298395192E7
137,-9.409238021763277E12,-6.910123337753025E11,1.6074144728768045E7
138,-9.477372310248264E12,-6.95846531007758E11,1.6130929144899983E7
139,-9.54550658761796E12,-7.006807274237406E11,1.6187713547017531E7
140,-9.61364085403157E12,-7.055149230351426E11,1.6244497935341997E7
141,-9.6817751096449E12,-7.103491178535984E11,1.6301282310089616E7
142,-9.749909354610459E12,-7.151833118904922E11,1.6358066671471717E7
143,-9.818043589077543E12,-7.200175051569645E11,1.6414851019694855E7
144,-9.886177813192336E12,-7.248516976639196E11,1.6471635354960963E7
145,-9.954312027097986E12,-7.296858894220317E11,1.6528419677467477E7
146,-1.0022446230934693E13,-7.34520080441752E11,1.6585203987407472E7
147,-1.0090580424839791E13,-7.39354270733314E11,1.664198828496979E7
148,-1.0158714608947818E13,-7.441884603067402E11,1.6698772570339156E7
149,-1.0226848783390604E13,-7.490226491718477E11,1.6755556843696298E7
150,-1.0294982948297328E13,-7.538568373382535E11,1.6812341105218057E7
151,-1.0363117103794604E13,-7.586910248153804E11,1.68691253550775E7
152,-1.0431251250006533E13,-7.635252116124615E11,1.6925909593444027E7
153,-1.0499385387054785E13,-7.683593977385461E11,1.6982693820483465E7
154,-1.0567519515058648E13,-7.731935832025038E11,1.7039478036358166E7
155,-1.06356536341351E13,-7.780277680130294E11,1.7096262241227116E7
156,-1.070378774439886E13,-7.82861952178648E11,1.715304643524601E7
157,-1.0771921845962453E13,-7.876961357077185E11,1.7209830618567348E7
158,-1.0840055938936262E13,-7.925303186084388E11,1.7266614791340522E7
159,-1.0908190023428582E13,-7.973645008888494E11,1.7323398953711897E7
160,-1.0976324099545674E13,-8.02198682556837E11,1.7380183105824888E7
161,-1.1044458167391812E13,-8.070328636201395E11,1.743696724782004E7
162,-1.1112592227069338E13,-8.118670440863488E11,1.7493751379835103E7
163,-1.1180726278678701E13,-8.167012239629146E11,1.755053550200511E7
164,-1.1248860322318514E13,-8.215354032571483E11,1.7607319614462443E7
165,-1.131699435808559E13,-8.263695819762262E11,1.7664103717336893E7
166,-1.138512838607499E13,-8.312037601271926E11,1.7720887810755733E7
167,-1.1453262406380064E13,-8.360379377169633E11,1.777767189484379E7
168,-1.152139641909249E13,-8.408721147523285E11,1.783445596972349E7
169,-1.1589530424302314E13,-8.45706291239956E11,1.789124003551493E7
170,-1.1657664422097992E13,-8.505404671863942E11,1.7948024092335932E7
171,-1.1725798412566424E13,-8.553746425980745E11,1.80048081403021E7
172,-1.179393239579299E13,-8.602088174813145E11,1.8061592179526873E7
173,-1.1862066371861588E13,-8.650429918423203E11,1.8118376210121583E7
174,-1.1930200340854664E13,-8.698771656871898E11,1.81751602321955E7
175,-1.1998334302853252E13,-8.747113390219144E11,1.8231944245855883E7
176,-1.2066468257936998E13,-8.795455118523818E11,1.828872825120803E7
177,-1.2134602206184195E13,-8.843796841843784E11,1.8345512248355325E7
178,-1.2202736147671818E13,-8.892138560235917E11,1.8402296237399284E7
179,-1.2270870082475545E13,-8.940480273756122E11,1.8459080218439594E7
180,-1.2339004010669793E13,-8.98882198245936E11,1.8515864191574164E7
181,-1.240713793232774E13,-9.037163686399668E11,1.857264815689916E7
182,-1.247527184752136E13,-9.085505385630176E11,1.8629432114509054E7
183,-1.2543405756321438E13,-9.133847080203132E11,1.8686216064496644E7
184,-1.261153965879761E13,-9.18218877016992E11,1.874300000695312E7
185,-1.2679673555018375E13,-9.230530455581075E11,1.8799783941968076E7
186,-1.2747807445051127E13,-9.278872136486312E11,1.885656786962956E7
187,-1.2815941328962178E13,-9.32721381293453E11,1.89133517900241E7
188,-1.2884075206816777E13,-9.375555484973838E11,1.897013570323676E7
189,-1.2952209078679139E13,-9.423897152651572E11,1.9026919609351136E7
190,-1.3020342944612459E13,-9.47223881601431E11,1.9083703508449424E7
191,-1.3088476804678941E13,-9.520580475107886E11,1.9140487400612425E7
192,-1.3156610658939814E13,-9.568922129977408E11,1.919727128591959E7
193,-1.3224744507455352E13,-9.617263780667274E11,1.9254055164449055E7
194,-1.3292878350284896E13,-9.665605427221185E11,1.9310839036277648E7
195,-1.3361012187486875E13,-9.713947069682162E11,1.9367622901480936E7
196,-1.3429146019118816E13,-9.762288708092555E11,1.9424406760133244E7
197,-1.3497279845237377E13,-9.810630342494062E11,1.9481190612307686E7
198,-1.3565413665898348E13,-9.858971972927742E11,1.9537974458076186E7
199,-1.3633547481156678E13,-9.907313599434023E11,1.959475829750951E7
200,-1.3701681291066494E13,-9.955655222052723E11,1.9651542130677287E7
201,-1.3769815095681111E13,-1.0003996840823053E12,1.9708325957648024E7
202,-1.383794889505305E13,-1.0052338455783635E12,1.9765109778489146E7
203,-1.3906082689234059E13,-1.0100680066972516E12,1.982189359326701E7
204,-1.3974216478275117E13,-1.014902167442717E12,1.9878677402046915E7
205,-1.4042350262226459E13,-1.0197363278184521E12,1.9935461204893157E7
206,-1.4110484041137588E13,-1.0245704878280945E12,1.999224500186901E7
207,-1.4178617815057287E13,-1.0294046474752283E12,2.0049028793036778E7
208,-1.4246751584033635E13,-1.0342388067633855E12,2.0105812578457795E7
209,-1.4314885348114018E13,-1.0390729656960466E12,2.0162596358192455E7
210,-1.4383019107345145E13,-1.0439071242766417E12,2.0219380132300224E7
211,-1.445115286177306E13,-1.0487412825085516E12,2.0276163900839668E7
212,-1.4519286611443156E13,-1.0535754403951086E12,2.033294766386846E7
213,-1.4587420356400182E13,-1.0584095979395974E12,2.0389731421443406E7
214,-1.465555409668826E13,-1.0632437551452561E12,2.0446515173620455E7
215,-1.4723687832350896E13,-1.0680779120152771E12,2.0503298920454726E7
216,-1.479182156343099E13,-1.0729120685528079E12,2.0560082662000515E7
217,-1.4859955289970848E13,-1.0777462247609517E12,2.061686639831131E7
218,-1.4928089012012193E13,-1.0825803806427688E12,2.0673650129439816E7
219,-1.4996222729596178E13,-1.0874145362012769E12,2.0730433855437964E7
220,-1.5064356442763389E13,-1.0922486914394519E12,2.0787217576356925E7
221,-1.5132490151553861E13,-1.0970828463602291E12,2.0844001292247128E7
222,-1.5200623856007092E13,-1.1019170009665034E12,2.0900785003158268E7
223,-1.5268757556162043E13,-1.1067511552611304E12,2.095756870913933E7
224,-1.5336891252057154E13,-1.111585309246927E12,2.1014352410238586E7
225,-1.5405024943730352E13,-1.1164194629266719E12,2.1071136106503636E7
226,-1.5473158631219057E13,-1.1212536163031067E12,2.1127919797981385E7
227,-1.5541292314560197E13,-1.126087769378936E12,2.1184703484718088E7
228,-1.5609425993790213E13,-1.130921922156829E12,2.1241487166759342E7
229,-1.5677559668945066E13,-1.135756074639419E12,2.1298270844150104E7
230,-1.574569334006025E13,-1.1405902268293044E12,2.1355054516934704E7
231,-1.5813827007170793E13,-1.14542437872905E12,2.1411838185156856E7
232,-1.5881960670311273E13,-1.1502585303411868E12,2.146862184885967E7
233,-1.5950094329515822E13,-1.1550926816682126E12,2.1525405508085664E7
234,-1.601822798481813E13,-1.1599268327125933E12,2.1582189162876766E7
235,-1.6086361636251463E13,-1.1647609834767625E12,2.163897281327433E7
236,-1.6154495283848656E13,-1.1695951339631226E12,2.169575645931916E7
237,-1.6222628927642133E13,-1.1744292841740452E12,2.175254010105149E7
238,-1.6290762567663904E13,-1.179263434111872E12,2.1809323738511026E7
239,-1.6358896203945584E13,-1.1840975837789146E12,2.186610737173693E7
240,-1.6427029836518385E13,-1.1889317331774556E12,2.1922891000767842E7
241,-1.649516346541313E13,-1.1937658823097485E12,2.1979674625641894E7
242,-1.6563297090660268E13,-1.198600031178019E12,2.2036458246396706E7
243,-1.663143071228986E13,-1.203434179784465E12,2.20932418630694E7
244,-1.6699564330331604E13,-1.2082683281312568E12,2.2150025475696612E7
245,-1.676769794481483E13,-1.2131024762205378E12,2.22068090843145E7
246,-1.6835831555768516E13,-1.217936624054425E12,2.226359268895874E7
247,-1.690396516322128E13,-1.2227707716350098E12,2.2320376289664563E7
248,-1.6972098767201396E13,-1.2276049189643574E12,2.2377159886466723E7
249,-1.70402323677368E13,-1.2324390660445083E12,2.243394347939954E7
250,-1.710836596485509E13,-1.2372732128774783E12,2.2490727068496887E7
251,-1.7176499558583531E13,-1.2421073594652583E12,2.2547510653792206E7
252,-1.7244633148949068E13,-1.246941505809816E12,2.2604294235318515E7
253,-1.7312766735978322E13,-1.2517756519130945E12,2.2661077813108407E7
254,-1.7380900319697602E13,-1.256609797777015E12,2.2717861387194067E7
255,-1.7449033900132902E13,-1.2614439434034746E12,2.2774644957607277E7
256,-1.7517167477309918E13,-1.2662780887943489E12,2.2831428524379414E7
257,-1.758530105125404E13,-1.2711122339514907E12,2.288821208754147E7
258,-1.7653434621990363E13,-1.2759463788767314E12,2.294499564712405E7
259,-1.7721568189543695E13,-1.2807805235718809E12,2.3001779203157373E7
260,-1.7789701753938555E13,-1.2856146680387278E12,2.3058562755671293E7
261,-1.785783531519918E13,-1.29044881227904E12,2.3115346304695297E7
262,-1.7925968873349527E13,-1.2952829562945652E12,2.3172129850258503E7
263,-1.799410242841328E13,-1.3001171000870308E12,2.322891339238968E7
264,-1.806223598041386E13,-1.3049512436581443E12,2.3285696931117248E7
265,-1.813036952937441E13,-1.3097853870095938E12,2.3342480466469277E7
266,-1.8198503075317824E13,-1.3146195301430479E12,2.3399263998473506E7
267,-1.826663661826673E13,-1.3194536730601562E12,2.3456047527157333E7
268,-1.8334770158243504E13,-1.3242878157625503E12,2.3512831052547835E7
269,-1.8402903695270277E13,-1.329121958251843E12,2.356961457467176E7
270,-1.847103722936893E13,-1.3339561005296287E12,2.362639809355554E7
271,-1.8539170760561098E13,-1.3387902425974844E12,2.3683181609225295E7
272,-1.8607304288868184E13,-1.3436243844569695E12,2.373996512170684E7
273,-1.867543781431135E13,-1.348458526109626E12,2.379674863102568E7
274,-1.874357133691153E13,-1.3532926675569785E12,2.3853532137207028E7
275,-1.881170485668943E13,-1.3581268088005354E12,2.3910315640275795E7
276,-1.8879838373665523E13,-1.3629609498417883E12,2.396709914025661E7
277,-1.8947971887860066E13,-1.3677950906822124E12,2.4023882637173813E7
278,-1.90161053992931E13,-1.3726292313232668E12,2.4080666131051462E7
279,-1.9084238907984445E13,-1.377463371766395E12,2.4137449621913344E7
280,-1.9152372413953707E13,-1.3822975120130247E12,2.4194233109782964E7
281,-1.922050591722029E13,-1.387131652064568E12,2.425101659468357E7
282,-1.9288639417803383E13,-1.3919657919224224E12,2.4307800076638136E7
283,-1.9356772915721977E13,-1.39679993158797E12,2.4364583555669382E7
284,-1.942490641099486E13,-1.4016340710625781E12,2.4421367031799767E7
285,-1.9493039903640617E13,-1.4064682103475999E12,2.44781505050515E7
286,-1.956117339367765E13,-1.4113023494443735E12,2.453493397544654E7
287,-1.9629306881124156E13,-1.4161364883542239E12,2.45917174430066E7
288,-1.9697440365998152E13,-1.4209706270784614E12,2.4648500907753155E7
289,-1.976557384831746E13,-1.425804765618383E12,2.4705284369707435E7
290,-1.9833707328099723E13,-1.4306389039752717E12,2.476206782889044E7
291,-1.9901840805362395E13,-1.4354730421503977E12,2.4818851285322934E7
292,-1.9969974280122758E13,-1.4403071801450176E12,2.4875634739025462E7
293,-2.0038107752397914E13,-1.445141317960375E12,2.4932418190018337E7
294,-2.010624122220479E13,-1.4499754555977012E12,2.498920163832165E7
295,-2.017437468956014E13,-1.454809593058214E12,2.5045985083955277E7
296,-2.024250815448055E13,-1.4596437303431199E12,2.5102768526938878E7
297,-2.0310641616982438E13,-1.464477867453612E12,2.51595519672919E7
298,-2.037877507708205E13,-1.469312004390872E12,2.5216335405033577E7
299,-2.044690853479548E13,-1.474146141156069E12,2.5273118840182945E7
300,-2.0515041990138652E13,-1.478980277750361E12,2.532990227275883E7
301,-2.0583175443127336E13,-1.483814414174894E12,2.538668570277986E7
302,-2.065130889377714E13,-1.4886485504308025E12,2.544346913026446E7
303,-2.0719442342103527E13,-1.4934826865192095E12,2.5500252555230875E7
304,-2.0787575788121797E13,-1.4983168224412273E12,2.5557035977697138E7
305,-2.08557092318471E13,-1.5031509581979565E12,2.5613819397681106E7
306,-2.0923842673294445E13,-1.5079850937904875E12,2.5670602815200448E7
307,-2.0991976112478688E13,-1.5128192292198997E12,2.572738623027264E7
308,-2.1060109549414543E13,-1.5176533644872617E12,2.5784169642914984E7
309,-2.112824298411658E13,-1.5224874995936318E12,2.58409530531446E7
310,-2.1196376416599223E13,-1.5273216345400579E12,2.589773646097843E7
311,-2.1264509846876766E13,-1.5321557693275776E12,2.5954519866433244E7
312,-2.133264327496336E13,-1.5369899039572188E12,2.6011303269525636E7
313,-2.140077670087302E13,-1.541824038429999E12,2.6068086670272034E7
314,-2.146891012461963E13,-1.5466581727469263E12,2.6124870068688698E7
315,-2.1537043546216934E13,-1.5514923069089988E12,2.618165346479172E7
316,-2.1605176965678555E13,-1.5563264409172053E12,2.623843685859703E7
317,-2.1673310383017984E13,-1.5611605747725251E12,2.6295220250120394E7
318,-2.1741443798248582E13,-1.565994708475928E12,2.6352003639377426E7
319,-2.1809577211383582E13,-1.5708288420283748E12,2.640878702638358E7
320,-2.18777106224361E13,-1.575662975430817E12,2.646557041115415E7
321,-2.194584403141913E13,-1.5804971086841973E12,2.6522353793704286E7
322,-2.201397743834553E13,-1.5853312417894495E12,2.6579137174048983E7
323,-2.208211084322806E13,-1.5901653747474988E12,2.6635920552203085E7
324,-2.215024424607934E13,-1.5949995075592615E12,2.6692703928181294E7
325,-2.221837764691189E13,-1.5998336402256455E12,2.6749487301998165E7
326,-2.228651104573811E13,-1.6046677727475505E12,2.6806270673668105E7
327,-2.235464444257028E13,-1.6095019051258674E12,2.686305404320539E7
328,-2.2422777837420574E13,-1.6143360373614792E12,2.691983741062415E7
329,-2.2490911230301055E13,-1.6191701694552607E12,2.6976620775938377E7
330,-2.255904462122367E13,-1.6240043014080789E12,2.703340413916193E7
331,-2.262717801020027E13,-1.6288384332207922E12,2.7090187500308532E7
332,-2.2695311397242582E13,-1.633672564894252E12,2.714697085939178E7
333,-2.2763444782362242E13,-1.6385066964293015E12,2.720375421642513E7
334,-2.2831578165570773E13,-1.6433408278267764E12,2.726053757142191E7
335,-2.2899711546879598E13,-1.648174959087505E12,2.731732092439533E7
336,-2.2967844926300035E13,-1.6530090902123074E12,2.737410427535847E7
337,-2.3035978303843305E13,-1.6578432212019976E12,2.7430887624324277E7
338,-2.3104111679520527E13,-1.662677352057381E12,2.7487670971305586E7
339,-2.3172245053342723E13,-1.667511482779257E12,2.754445431631511E7
340,-2.3240378425320812E13,-1.6723456133684172E12,2.7601237659365438E7
341,-2.3308511795465625E13,-1.6771797438256462E12,2.765802100046904E7
342,-2.3376645163787895E13,-1.682013874151722E12,2.7714804339638274E7
343,-2.3444778530298258E13,-1.686848004347415E12,2.7771587676885378E7
344,-2.351291189500726E13,-1.6916821344134897E12,2.782837101222248E7
345,-2.358104525792536E13,-1.6965162643507036E12,2.7885154345661595E7
346,-2.3649178619062914E13,-1.7013503941598074E12,2.7941937677214626E7
347,-2.3717311978430195E13,-1.7061845238415454E12,2.7998721006893367E7
348,-2.378544533603739E13,-1.7110186533966555E12,2.80555043347095E7
349,-2.3853578691894598E13,-1.7158527828258691E12,2.81122876606746E7
350,-2.392171204601183E13,-1.7206869121299111E12,2.8169070984800145E7
351,-2.3989845398399004E13,-1.7255210413095007E12,2.82258543070975E7
352,-2.4057978749065965E13,-1.7303551703653503E12,2.8282637627577923E7
353,-2.412611209802247E13,-1.7351892992981665E12,2.833942094625258E7
354,-2.4194245445278188E13,-1.74002342810865E12,2.8396204263132535E7
355,-2.4262378790842715E13,-1.744857556797495E12,2.8452987578228746E7
356,-2.433051213472556E13,-1.7496916853653909E12,2.8509770891552076E7
357,-2.4398645476936152E13,-1.75452581381302E12,2.8566554203113288E7
358,-2.4466778817483844E13,-1.7593599421410596E12,2.8623337512923054E7
359,-2.453491215637791E13,-1.7641940703501807E12,2.868012082099195E7
360,-2.4603045493627547E13,-1.7690281984410493E12,2.873690412733045E7
361,-2.4671178829241875E13,-1.7738623264143257E12,2.879368743194894E7
362,-2.4739312163229934E13,-1.7786964542706646E12,2.8850470734857723E7
363,-2.4807445495600695E13,-1.7835305820107148E12,2.8907254036067E7
364,-2.4875578826363055E13,-1.7883647096351204E12,2.8964037335586887E7
365,-2.4943712155525836E13,-1.7931988371445198E12,2.902082063342741E7
366,-2.4960745487418824E13,-1.7944073689932764E12,2.9035016457470186E7
]]></system-out>
  <system-err><![CDATA[]]></system-err>
</testsuite>
